<?xml version="1.0" encoding="UTF-8"?>
<testsuite name="se1app.applicationcore.accountcomponent.AccountRepositoryTest" tests="1" skipped="0" failures="0" errors="0" timestamp="2017-12-12T15:16:46" hostname="User-PC" time="0.222">
  <properties/>
  <testcase name="testFindByAccountNumber" classname="se1app.applicationcore.accountcomponent.AccountRepositoryTest" time="0.222"/>
  <system-out><![CDATA[16:16:46.930 [Test worker] DEBUG org.springframework.test.context.junit4.SpringJUnit4ClassRunner - SpringJUnit4ClassRunner constructor called with [class se1app.applicationcore.accountcomponent.AccountRepositoryTest]
16:16:46.930 [Test worker] DEBUG org.springframework.test.context.BootstrapUtils - Instantiating CacheAwareContextLoaderDelegate from class [org.springframework.test.context.cache.DefaultCacheAwareContextLoaderDelegate]
16:16:46.930 [Test worker] DEBUG org.springframework.test.context.BootstrapUtils - Instantiating BootstrapContext using constructor [public org.springframework.test.context.support.DefaultBootstrapContext(java.lang.Class,org.springframework.test.context.CacheAwareContextLoaderDelegate)]
16:16:46.930 [Test worker] DEBUG org.springframework.test.context.BootstrapUtils - Instantiating TestContextBootstrapper for test class [se1app.applicationcore.accountcomponent.AccountRepositoryTest] from class [org.springframework.test.context.support.DefaultTestContextBootstrapper]
16:16:46.930 [Test worker] DEBUG org.springframework.test.context.support.AbstractDelegatingSmartContextLoader - Delegating to AnnotationConfigContextLoader to process context configuration [ContextConfigurationAttributes@34948e62 declaringClass = 'se1app.applicationcore.accountcomponent.AccountRepositoryTest', classes = '{class se1app.applicationcore.Application}', locations = '{}', inheritLocations = true, initializers = '{}', inheritInitializers = true, name = [null], contextLoaderClass = 'org.springframework.test.context.ContextLoader'].
16:16:46.945 [Test worker] DEBUG org.springframework.test.context.support.ActiveProfilesUtils - Could not find an 'annotation declaring class' for annotation type [org.springframework.test.context.ActiveProfiles] and class [se1app.applicationcore.accountcomponent.AccountRepositoryTest]
16:16:46.945 [Test worker] DEBUG org.springframework.test.context.support.DefaultTestContextBootstrapper - @TestExecutionListeners is not present for class [se1app.applicationcore.accountcomponent.AccountRepositoryTest]: using defaults.
16:16:46.945 [Test worker] INFO org.springframework.test.context.support.DefaultTestContextBootstrapper - Loaded default TestExecutionListener class names from location [META-INF/spring.factories]: [org.springframework.boot.test.mock.mockito.MockitoTestExecutionListener, org.springframework.boot.test.mock.mockito.ResetMocksTestExecutionListener, org.springframework.boot.test.autoconfigure.restdocs.RestDocsTestExecutionListener, org.springframework.boot.test.autoconfigure.web.client.MockRestServiceServerResetTestExecutionListener, org.springframework.boot.test.autoconfigure.web.servlet.MockMvcPrintOnlyOnFailureTestExecutionListener, org.springframework.boot.test.autoconfigure.web.servlet.WebDriverTestExecutionListener, org.springframework.test.context.web.ServletTestExecutionListener, org.springframework.test.context.support.DirtiesContextBeforeModesTestExecutionListener, org.springframework.test.context.support.DependencyInjectionTestExecutionListener, org.springframework.test.context.support.DirtiesContextTestExecutionListener, org.springframework.test.context.transaction.TransactionalTestExecutionListener, org.springframework.test.context.jdbc.SqlScriptsTestExecutionListener]
16:16:46.945 [Test worker] INFO org.springframework.test.context.support.DefaultTestContextBootstrapper - Using TestExecutionListeners: [org.springframework.test.context.web.ServletTestExecutionListener@578f367e, org.springframework.test.context.support.DirtiesContextBeforeModesTestExecutionListener@2963fba3, org.springframework.test.context.support.DependencyInjectionTestExecutionListener@37205c81, org.springframework.test.context.support.DirtiesContextTestExecutionListener@75605c5b, org.springframework.test.context.transaction.TransactionalTestExecutionListener@5bf2b84f, org.springframework.test.context.jdbc.SqlScriptsTestExecutionListener@6dfaee71, org.springframework.boot.test.autoconfigure.web.servlet.MockMvcPrintOnlyOnFailureTestExecutionListener@580b631b, org.springframework.boot.test.autoconfigure.restdocs.RestDocsTestExecutionListener@2f7e7ec5, org.springframework.boot.test.mock.mockito.MockitoTestExecutionListener@61808ba5, org.springframework.boot.test.mock.mockito.ResetMocksTestExecutionListener@5b337882, org.springframework.boot.test.autoconfigure.web.client.MockRestServiceServerResetTestExecutionListener@58a3cb44, org.springframework.boot.test.autoconfigure.web.servlet.WebDriverTestExecutionListener@4f71ec3]
16:16:46.945 [Test worker] DEBUG org.springframework.test.annotation.ProfileValueUtils - Retrieved @ProfileValueSourceConfiguration [null] for test class [se1app.applicationcore.accountcomponent.AccountRepositoryTest]
16:16:46.945 [Test worker] DEBUG org.springframework.test.annotation.ProfileValueUtils - Retrieved ProfileValueSource type [class org.springframework.test.annotation.SystemProfileValueSource] for class [se1app.applicationcore.accountcomponent.AccountRepositoryTest]
16:16:46.945 [Test worker] DEBUG org.springframework.test.annotation.ProfileValueUtils - Retrieved @ProfileValueSourceConfiguration [null] for test class [se1app.applicationcore.accountcomponent.AccountRepositoryTest]
16:16:46.945 [Test worker] DEBUG org.springframework.test.annotation.ProfileValueUtils - Retrieved ProfileValueSource type [class org.springframework.test.annotation.SystemProfileValueSource] for class [se1app.applicationcore.accountcomponent.AccountRepositoryTest]
16:16:46.945 [Test worker] DEBUG org.springframework.test.context.support.AbstractDirtiesContextTestExecutionListener - Before test class: context [DefaultTestContext@61cf705b testClass = AccountRepositoryTest, testInstance = [null], testMethod = [null], testException = [null], mergedContextConfiguration = [MergedContextConfiguration@2178e388 testClass = AccountRepositoryTest, locations = '{}', classes = '{class se1app.applicationcore.Application}', contextInitializerClasses = '[]', activeProfiles = '{}', propertySourceLocations = '{}', propertySourceProperties = '{}', contextCustomizers = set[org.springframework.boot.test.context.filter.ExcludeFilterContextCustomizer@7025e8d4, org.springframework.boot.test.json.DuplicateJsonObjectContextCustomizerFactory$DuplicateJsonObjectContextCustomizer@108f7ba3, org.springframework.boot.test.mock.mockito.MockitoContextCustomizer@0, org.springframework.boot.test.autoconfigure.properties.PropertyMappingContextCustomizer@0, org.springframework.boot.test.autoconfigure.web.servlet.WebDriverContextCustomizerFactory$Customizer@7978f217], contextLoader = 'org.springframework.test.context.support.DelegatingSmartContextLoader', parent = [null]]], class annotated with @DirtiesContext [false] with mode [null].
16:16:46.945 [Test worker] DEBUG org.springframework.test.annotation.ProfileValueUtils - Retrieved @ProfileValueSourceConfiguration [null] for test class [se1app.applicationcore.accountcomponent.AccountRepositoryTest]
16:16:46.945 [Test worker] DEBUG org.springframework.test.annotation.ProfileValueUtils - Retrieved ProfileValueSource type [class org.springframework.test.annotation.SystemProfileValueSource] for class [se1app.applicationcore.accountcomponent.AccountRepositoryTest]
16:16:46.945 [Test worker] DEBUG org.springframework.test.context.support.DependencyInjectionTestExecutionListener - Performing dependency injection for test context [[DefaultTestContext@61cf705b testClass = AccountRepositoryTest, testInstance = se1app.applicationcore.accountcomponent.AccountRepositoryTest@67c7f508, testMethod = [null], testException = [null], mergedContextConfiguration = [MergedContextConfiguration@2178e388 testClass = AccountRepositoryTest, locations = '{}', classes = '{class se1app.applicationcore.Application}', contextInitializerClasses = '[]', activeProfiles = '{}', propertySourceLocations = '{}', propertySourceProperties = '{}', contextCustomizers = set[org.springframework.boot.test.context.filter.ExcludeFilterContextCustomizer@7025e8d4, org.springframework.boot.test.json.DuplicateJsonObjectContextCustomizerFactory$DuplicateJsonObjectContextCustomizer@108f7ba3, org.springframework.boot.test.mock.mockito.MockitoContextCustomizer@0, org.springframework.boot.test.autoconfigure.properties.PropertyMappingContextCustomizer@0, org.springframework.boot.test.autoconfigure.web.servlet.WebDriverContextCustomizerFactory$Customizer@7978f217], contextLoader = 'org.springframework.test.context.support.DelegatingSmartContextLoader', parent = [null]]]].
16:16:46.945 [Test worker] DEBUG org.springframework.test.context.cache.DefaultCacheAwareContextLoaderDelegate - Retrieved ApplicationContext from cache with key [[MergedContextConfiguration@2178e388 testClass = AccountRepositoryTest, locations = '{}', classes = '{class se1app.applicationcore.Application}', contextInitializerClasses = '[]', activeProfiles = '{}', propertySourceLocations = '{}', propertySourceProperties = '{}', contextCustomizers = set[org.springframework.boot.test.context.filter.ExcludeFilterContextCustomizer@7025e8d4, org.springframework.boot.test.json.DuplicateJsonObjectContextCustomizerFactory$DuplicateJsonObjectContextCustomizer@108f7ba3, org.springframework.boot.test.mock.mockito.MockitoContextCustomizer@0, org.springframework.boot.test.autoconfigure.properties.PropertyMappingContextCustomizer@0, org.springframework.boot.test.autoconfigure.web.servlet.WebDriverContextCustomizerFactory$Customizer@7978f217], contextLoader = 'org.springframework.test.context.support.DelegatingSmartContextLoader', parent = [null]]]
16:16:46.945 [Test worker] DEBUG org.springframework.test.context.cache - Spring test ApplicationContext cache statistics: [DefaultContextCache@51ac02c size = 1, maxSize = 32, parentContextCount = 0, hitCount = 18, missCount = 1]
16:16:46.945 [Test worker] DEBUG org.springframework.beans.factory.annotation.InjectionMetadata - Processing injected element of bean 'se1app.applicationcore.accountcomponent.AccountRepositoryTest': AutowiredFieldElement for private se1app.applicationcore.accountcomponent.AccountRepository se1app.applicationcore.accountcomponent.AccountRepositoryTest.accountRepository
16:16:46.945 [Test worker] DEBUG org.springframework.beans.factory.support.DefaultListableBeanFactory - Returning cached instance of singleton bean 'accountRepository'
16:16:46.945 [Test worker] DEBUG org.springframework.beans.factory.annotation.AutowiredAnnotationBeanPostProcessor - Autowiring by type from bean name 'se1app.applicationcore.accountcomponent.AccountRepositoryTest' to bean named 'accountRepository'
16:16:46.945 [Test worker] DEBUG org.springframework.beans.factory.support.DefaultListableBeanFactory - Returning cached instance of singleton bean 'org.springframework.transaction.config.internalTransactionAdvisor'
16:16:46.945 [Test worker] DEBUG org.springframework.beans.factory.support.DefaultListableBeanFactory - Returning cached instance of singleton bean 'org.springframework.transaction.config.internalTransactionAdvisor'
16:16:46.945 [Test worker] DEBUG org.springframework.transaction.annotation.AnnotationTransactionAttributeSource - Adding transactional method 'se1app.applicationcore.accountcomponent.AccountRepositoryTest.setUp' with attribute: PROPAGATION_REQUIRED,ISOLATION_DEFAULT; ''
16:16:46.945 [Test worker] DEBUG org.springframework.aop.aspectj.annotation.AnnotationAwareAspectJAutoProxyCreator - Creating implicit proxy for bean 'se1app.applicationcore.accountcomponent.AccountRepositoryTest' with 0 common interceptors and 1 specific interceptors
16:16:46.945 [Test worker] DEBUG org.springframework.aop.framework.CglibAopProxy - Creating CGLIB proxy: target source is SingletonTargetSource for target object [se1app.applicationcore.accountcomponent.AccountRepositoryTest@67c7f508]
16:16:46.961 [Test worker] DEBUG org.springframework.aop.framework.CglibAopProxy - Unable to apply any optimizations to advised method: public void se1app.applicationcore.accountcomponent.AccountRepositoryTest.setUp() throws java.lang.Exception
16:16:46.961 [Test worker] DEBUG org.springframework.transaction.annotation.AnnotationTransactionAttributeSource - Adding transactional method 'se1app.applicationcore.accountcomponent.AccountRepositoryTest.testFindByAccountNumber' with attribute: PROPAGATION_REQUIRED,ISOLATION_DEFAULT; ''
16:16:46.961 [Test worker] DEBUG org.springframework.aop.framework.CglibAopProxy - Unable to apply any optimizations to advised method: public void se1app.applicationcore.accountcomponent.AccountRepositoryTest.testFindByAccountNumber()
16:16:46.961 [Test worker] DEBUG org.springframework.aop.framework.CglibAopProxy - Found 'equals' method: public boolean java.lang.Object.equals(java.lang.Object)
16:16:46.961 [Test worker] DEBUG org.springframework.aop.framework.CglibAopProxy - Unable to apply any optimizations to advised method: public java.lang.String java.lang.Object.toString()
16:16:46.961 [Test worker] DEBUG org.springframework.aop.framework.CglibAopProxy - Found 'hashCode' method: public native int java.lang.Object.hashCode()
16:16:46.961 [Test worker] DEBUG org.springframework.aop.framework.CglibAopProxy - Unable to apply any optimizations to advised method: protected native java.lang.Object java.lang.Object.clone() throws java.lang.CloneNotSupportedException
16:16:46.961 [Test worker] DEBUG org.springframework.aop.framework.CglibAopProxy - Method is declared on Advised interface: public abstract int org.springframework.aop.framework.Advised.indexOf(org.springframework.aop.Advisor)
16:16:46.961 [Test worker] DEBUG org.springframework.aop.framework.CglibAopProxy - Method is declared on Advised interface: public abstract int org.springframework.aop.framework.Advised.indexOf(org.aopalliance.aop.Advice)
16:16:46.961 [Test worker] DEBUG org.springframework.aop.framework.CglibAopProxy - Method is declared on Advised interface: public abstract boolean org.springframework.aop.framework.Advised.isFrozen()
16:16:46.961 [Test worker] DEBUG org.springframework.aop.framework.CglibAopProxy - Method is declared on Advised interface: public abstract void org.springframework.aop.framework.Advised.addAdvisor(int,org.springframework.aop.Advisor) throws org.springframework.aop.framework.AopConfigException
16:16:46.961 [Test worker] DEBUG org.springframework.aop.framework.CglibAopProxy - Method is declared on Advised interface: public abstract void org.springframework.aop.framework.Advised.addAdvisor(org.springframework.aop.Advisor) throws org.springframework.aop.framework.AopConfigException
16:16:46.961 [Test worker] DEBUG org.springframework.aop.framework.CglibAopProxy - Method is declared on Advised interface: public abstract void org.springframework.aop.framework.Advised.setExposeProxy(boolean)
16:16:46.961 [Test worker] DEBUG org.springframework.aop.framework.CglibAopProxy - Method is declared on Advised interface: public abstract boolean org.springframework.aop.framework.Advised.isExposeProxy()
16:16:46.961 [Test worker] DEBUG org.springframework.aop.framework.CglibAopProxy - Method is declared on Advised interface: public abstract void org.springframework.aop.framework.Advised.setTargetSource(org.springframework.aop.TargetSource)
16:16:46.961 [Test worker] DEBUG org.springframework.aop.framework.CglibAopProxy - Method is declared on Advised interface: public abstract boolean org.springframework.aop.framework.Advised.isProxyTargetClass()
16:16:46.961 [Test worker] DEBUG org.springframework.aop.framework.CglibAopProxy - Method is declared on Advised interface: public abstract boolean org.springframework.aop.framework.Advised.isPreFiltered()
16:16:46.961 [Test worker] DEBUG org.springframework.aop.framework.CglibAopProxy - Method is declared on Advised interface: public abstract void org.springframework.aop.framework.Advised.removeAdvisor(int) throws org.springframework.aop.framework.AopConfigException
16:16:46.961 [Test worker] DEBUG org.springframework.aop.framework.CglibAopProxy - Method is declared on Advised interface: public abstract boolean org.springframework.aop.framework.Advised.removeAdvisor(org.springframework.aop.Advisor)
16:16:46.961 [Test worker] DEBUG org.springframework.aop.framework.CglibAopProxy - Method is declared on Advised interface: public abstract boolean org.springframework.aop.framework.Advised.replaceAdvisor(org.springframework.aop.Advisor,org.springframework.aop.Advisor) throws org.springframework.aop.framework.AopConfigException
16:16:46.961 [Test worker] DEBUG org.springframework.aop.framework.CglibAopProxy - Method is declared on Advised interface: public abstract boolean org.springframework.aop.framework.Advised.removeAdvice(org.aopalliance.aop.Advice)
16:16:46.961 [Test worker] DEBUG org.springframework.aop.framework.CglibAopProxy - Method is declared on Advised interface: public abstract java.lang.Class[] org.springframework.aop.framework.Advised.getProxiedInterfaces()
16:16:46.961 [Test worker] DEBUG org.springframework.aop.framework.CglibAopProxy - Method is declared on Advised interface: public abstract boolean org.springframework.aop.framework.Advised.isInterfaceProxied(java.lang.Class)
16:16:46.961 [Test worker] DEBUG org.springframework.aop.framework.CglibAopProxy - Method is declared on Advised interface: public abstract java.lang.String org.springframework.aop.framework.Advised.toProxyConfigString()
16:16:46.961 [Test worker] DEBUG org.springframework.aop.framework.CglibAopProxy - Method is declared on Advised interface: public abstract org.springframework.aop.TargetSource org.springframework.aop.framework.Advised.getTargetSource()
16:16:46.961 [Test worker] DEBUG org.springframework.aop.framework.CglibAopProxy - Method is declared on Advised interface: public abstract void org.springframework.aop.framework.Advised.setPreFiltered(boolean)
16:16:46.961 [Test worker] DEBUG org.springframework.aop.framework.CglibAopProxy - Method is declared on Advised interface: public abstract void org.springframework.aop.framework.Advised.addAdvice(int,org.aopalliance.aop.Advice) throws org.springframework.aop.framework.AopConfigException
16:16:46.961 [Test worker] DEBUG org.springframework.aop.framework.CglibAopProxy - Method is declared on Advised interface: public abstract void org.springframework.aop.framework.Advised.addAdvice(org.aopalliance.aop.Advice) throws org.springframework.aop.framework.AopConfigException
16:16:46.961 [Test worker] DEBUG org.springframework.aop.framework.CglibAopProxy - Method is declared on Advised interface: public abstract org.springframework.aop.Advisor[] org.springframework.aop.framework.Advised.getAdvisors()
16:16:46.961 [Test worker] DEBUG org.springframework.aop.framework.CglibAopProxy - Method is declared on Advised interface: public abstract java.lang.Class org.springframework.aop.TargetClassAware.getTargetClass()
16:16:46.961 [Test worker] DEBUG org.springframework.test.context.support.AbstractDirtiesContextTestExecutionListener - Before test method: context [DefaultTestContext@61cf705b testClass = AccountRepositoryTest, testInstance = se1app.applicationcore.accountcomponent.AccountRepositoryTest@67c7f508, testMethod = testFindByAccountNumber@AccountRepositoryTest, testException = [null], mergedContextConfiguration = [MergedContextConfiguration@2178e388 testClass = AccountRepositoryTest, locations = '{}', classes = '{class se1app.applicationcore.Application}', contextInitializerClasses = '[]', activeProfiles = '{}', propertySourceLocations = '{}', propertySourceProperties = '{}', contextCustomizers = set[org.springframework.boot.test.context.filter.ExcludeFilterContextCustomizer@7025e8d4, org.springframework.boot.test.json.DuplicateJsonObjectContextCustomizerFactory$DuplicateJsonObjectContextCustomizer@108f7ba3, org.springframework.boot.test.mock.mockito.MockitoContextCustomizer@0, org.springframework.boot.test.autoconfigure.properties.PropertyMappingContextCustomizer@0, org.springframework.boot.test.autoconfigure.web.servlet.WebDriverContextCustomizerFactory$Customizer@7978f217], contextLoader = 'org.springframework.test.context.support.DelegatingSmartContextLoader', parent = [null]]], class annotated with @DirtiesContext [false] with mode [null], method annotated with @DirtiesContext [false] with mode [null].
16:16:46.961 [Test worker] DEBUG org.springframework.transaction.annotation.AnnotationTransactionAttributeSource - Adding transactional method 'se1app.applicationcore.accountcomponent.AccountRepositoryTest.testFindByAccountNumber' with attribute: PROPAGATION_REQUIRED,ISOLATION_DEFAULT; ''
16:16:46.961 [Test worker] DEBUG org.springframework.test.context.transaction.TransactionalTestExecutionListener - Explicit transaction definition [PROPAGATION_REQUIRED,ISOLATION_DEFAULT; ''] found for test context [DefaultTestContext@61cf705b testClass = AccountRepositoryTest, testInstance = se1app.applicationcore.accountcomponent.AccountRepositoryTest@67c7f508, testMethod = testFindByAccountNumber@AccountRepositoryTest, testException = [null], mergedContextConfiguration = [MergedContextConfiguration@2178e388 testClass = AccountRepositoryTest, locations = '{}', classes = '{class se1app.applicationcore.Application}', contextInitializerClasses = '[]', activeProfiles = '{}', propertySourceLocations = '{}', propertySourceProperties = '{}', contextCustomizers = set[org.springframework.boot.test.context.filter.ExcludeFilterContextCustomizer@7025e8d4, org.springframework.boot.test.json.DuplicateJsonObjectContextCustomizerFactory$DuplicateJsonObjectContextCustomizer@108f7ba3, org.springframework.boot.test.mock.mockito.MockitoContextCustomizer@0, org.springframework.boot.test.autoconfigure.properties.PropertyMappingContextCustomizer@0, org.springframework.boot.test.autoconfigure.web.servlet.WebDriverContextCustomizerFactory$Customizer@7978f217], contextLoader = 'org.springframework.test.context.support.DelegatingSmartContextLoader', parent = [null]]]
16:16:46.961 [Test worker] DEBUG org.springframework.test.context.transaction.TransactionalTestExecutionListener - Retrieved @TransactionConfiguration [null] for test class [se1app.applicationcore.accountcomponent.AccountRepositoryTest].
16:16:46.961 [Test worker] DEBUG org.springframework.test.context.transaction.TransactionalTestExecutionListener - Using TransactionConfigurationAttributes [TransactionConfigurationAttributes@721d107 transactionManagerName = '', defaultRollback = true] for test class [se1app.applicationcore.accountcomponent.AccountRepositoryTest].
16:16:46.961 [Test worker] DEBUG org.springframework.test.context.cache.DefaultCacheAwareContextLoaderDelegate - Retrieved ApplicationContext from cache with key [[MergedContextConfiguration@2178e388 testClass = AccountRepositoryTest, locations = '{}', classes = '{class se1app.applicationcore.Application}', contextInitializerClasses = '[]', activeProfiles = '{}', propertySourceLocations = '{}', propertySourceProperties = '{}', contextCustomizers = set[org.springframework.boot.test.context.filter.ExcludeFilterContextCustomizer@7025e8d4, org.springframework.boot.test.json.DuplicateJsonObjectContextCustomizerFactory$DuplicateJsonObjectContextCustomizer@108f7ba3, org.springframework.boot.test.mock.mockito.MockitoContextCustomizer@0, org.springframework.boot.test.autoconfigure.properties.PropertyMappingContextCustomizer@0, org.springframework.boot.test.autoconfigure.web.servlet.WebDriverContextCustomizerFactory$Customizer@7978f217], contextLoader = 'org.springframework.test.context.support.DelegatingSmartContextLoader', parent = [null]]]
16:16:46.961 [Test worker] DEBUG org.springframework.test.context.cache - Spring test ApplicationContext cache statistics: [DefaultContextCache@51ac02c size = 1, maxSize = 32, parentContextCount = 0, hitCount = 19, missCount = 1]
16:16:46.961 [Test worker] DEBUG org.springframework.beans.factory.support.DefaultListableBeanFactory - Returning cached instance of singleton bean 'transactionManager'
16:16:46.961 [Test worker] DEBUG org.springframework.test.context.transaction.TransactionalTestExecutionListener - No method-level @Rollback override: using default rollback [true] for test context [DefaultTestContext@61cf705b testClass = AccountRepositoryTest, testInstance = se1app.applicationcore.accountcomponent.AccountRepositoryTest@67c7f508, testMethod = testFindByAccountNumber@AccountRepositoryTest, testException = [null], mergedContextConfiguration = [MergedContextConfiguration@2178e388 testClass = AccountRepositoryTest, locations = '{}', classes = '{class se1app.applicationcore.Application}', contextInitializerClasses = '[]', activeProfiles = '{}', propertySourceLocations = '{}', propertySourceProperties = '{}', contextCustomizers = set[org.springframework.boot.test.context.filter.ExcludeFilterContextCustomizer@7025e8d4, org.springframework.boot.test.json.DuplicateJsonObjectContextCustomizerFactory$DuplicateJsonObjectContextCustomizer@108f7ba3, org.springframework.boot.test.mock.mockito.MockitoContextCustomizer@0, org.springframework.boot.test.autoconfigure.properties.PropertyMappingContextCustomizer@0, org.springframework.boot.test.autoconfigure.web.servlet.WebDriverContextCustomizerFactory$Customizer@7978f217], contextLoader = 'org.springframework.test.context.support.DelegatingSmartContextLoader', parent = [null]]].
16:16:46.961 [Test worker] DEBUG org.springframework.orm.jpa.JpaTransactionManager - Creating new transaction with name [se1app.applicationcore.accountcomponent.AccountRepositoryTest.testFindByAccountNumber]: PROPAGATION_REQUIRED,ISOLATION_DEFAULT; ''
16:16:46.961 [Test worker] DEBUG org.springframework.orm.jpa.JpaTransactionManager - Opened new EntityManager [org.hibernate.jpa.internal.EntityManagerImpl@2ade5feb] for JPA transaction
16:16:46.961 [Test worker] DEBUG org.hibernate.engine.transaction.internal.TransactionImpl - begin
16:16:46.976 [Test worker] DEBUG org.springframework.orm.jpa.JpaTransactionManager - Exposing JPA transaction as JDBC transaction [org.springframework.orm.jpa.vendor.HibernateJpaDialect$HibernateConnectionHandle@4904b601]
16:16:46.977 [Test worker] INFO org.springframework.test.context.transaction.TransactionContext - Began transaction (1) for test context [DefaultTestContext@61cf705b testClass = AccountRepositoryTest, testInstance = se1app.applicationcore.accountcomponent.AccountRepositoryTest@67c7f508, testMethod = testFindByAccountNumber@AccountRepositoryTest, testException = [null], mergedContextConfiguration = [MergedContextConfiguration@2178e388 testClass = AccountRepositoryTest, locations = '{}', classes = '{class se1app.applicationcore.Application}', contextInitializerClasses = '[]', activeProfiles = '{}', propertySourceLocations = '{}', propertySourceProperties = '{}', contextCustomizers = set[org.springframework.boot.test.context.filter.ExcludeFilterContextCustomizer@7025e8d4, org.springframework.boot.test.json.DuplicateJsonObjectContextCustomizerFactory$DuplicateJsonObjectContextCustomizer@108f7ba3, org.springframework.boot.test.mock.mockito.MockitoContextCustomizer@0, org.springframework.boot.test.autoconfigure.properties.PropertyMappingContextCustomizer@0, org.springframework.boot.test.autoconfigure.web.servlet.WebDriverContextCustomizerFactory$Customizer@7978f217], contextLoader = 'org.springframework.test.context.support.DelegatingSmartContextLoader', parent = [null]]]; transaction manager [org.springframework.orm.jpa.JpaTransactionManager@5cb2335b]; rollback [true]
16:16:46.978 [Test worker] DEBUG org.springframework.test.context.cache.DefaultCacheAwareContextLoaderDelegate - Retrieved ApplicationContext from cache with key [[MergedContextConfiguration@2178e388 testClass = AccountRepositoryTest, locations = '{}', classes = '{class se1app.applicationcore.Application}', contextInitializerClasses = '[]', activeProfiles = '{}', propertySourceLocations = '{}', propertySourceProperties = '{}', contextCustomizers = set[org.springframework.boot.test.context.filter.ExcludeFilterContextCustomizer@7025e8d4, org.springframework.boot.test.json.DuplicateJsonObjectContextCustomizerFactory$DuplicateJsonObjectContextCustomizer@108f7ba3, org.springframework.boot.test.mock.mockito.MockitoContextCustomizer@0, org.springframework.boot.test.autoconfigure.properties.PropertyMappingContextCustomizer@0, org.springframework.boot.test.autoconfigure.web.servlet.WebDriverContextCustomizerFactory$Customizer@7978f217], contextLoader = 'org.springframework.test.context.support.DelegatingSmartContextLoader', parent = [null]]]
16:16:46.978 [Test worker] DEBUG org.springframework.test.context.cache - Spring test ApplicationContext cache statistics: [DefaultContextCache@51ac02c size = 1, maxSize = 32, parentContextCount = 0, hitCount = 20, missCount = 1]
16:16:46.979 [Test worker] DEBUG org.springframework.beans.factory.support.DefaultListableBeanFactory - Returning cached instance of singleton bean 'org.springframework.boot.test.mock.mockito.MockitoBeans'
16:16:46.980 [Test worker] DEBUG org.springframework.orm.jpa.JpaTransactionManager - Found thread-bound EntityManager [org.hibernate.jpa.internal.EntityManagerImpl@2ade5feb] for JPA transaction
16:16:46.980 [Test worker] DEBUG org.springframework.orm.jpa.JpaTransactionManager - Participating in existing transaction
16:16:46.981 [Test worker] DEBUG org.hibernate.engine.spi.ActionQueue - Executing identity-insert immediately
16:16:46.981 [Test worker] DEBUG org.hibernate.SQL - insert into branch (id, bookings_quantity, branch_number) values (null, ?, ?)
16:16:46.982 [Test worker] DEBUG org.hibernate.id.IdentifierGeneratorHelper - Natively generated identity: 4
16:16:46.982 [Test worker] DEBUG org.hibernate.resource.jdbc.internal.ResourceRegistryStandardImpl - HHH000387: ResultSet's statement was not registered
16:16:46.983 [Test worker] DEBUG org.hibernate.engine.spi.ActionQueue - Executing identity-insert immediately
16:16:46.984 [Test worker] DEBUG org.hibernate.SQL - insert into account (id, account_number, balance, branch_id) values (null, ?, ?, ?)
16:16:46.984 [Test worker] DEBUG org.hibernate.type.descriptor.converter.AttributeConverterSqlTypeDescriptorAdapter - Converted value on binding : 0000000123 -> 0000000123
16:16:46.985 [Test worker] DEBUG org.hibernate.id.IdentifierGeneratorHelper - Natively generated identity: 7
16:16:46.985 [Test worker] DEBUG org.hibernate.resource.jdbc.internal.ResourceRegistryStandardImpl - HHH000387: ResultSet's statement was not registered
16:16:46.986 [Test worker] DEBUG org.hibernate.jpa.criteria.CriteriaQueryImpl - Rendered criteria query -> select generatedAlias0 from Account as generatedAlias0 where generatedAlias0.accountNumber=:param0
16:16:46.986 [Test worker] DEBUG org.hibernate.event.internal.AbstractFlushingEventListener - Processing flush-time cascades
16:16:46.986 [Test worker] DEBUG org.hibernate.event.internal.AbstractFlushingEventListener - Dirty checking collections
16:16:46.986 [Test worker] DEBUG org.hibernate.event.internal.AbstractFlushingEventListener - Flushed: 0 insertions, 0 updates, 0 deletions to 2 objects
16:16:46.987 [Test worker] DEBUG org.hibernate.event.internal.AbstractFlushingEventListener - Flushed: 0 (re)creations, 0 updates, 0 removals to 0 collections
16:16:46.987 [Test worker] DEBUG org.hibernate.internal.util.EntityPrinter - Listing entities:
16:16:46.987 [Test worker] DEBUG org.hibernate.internal.util.EntityPrinter - se1app.applicationcore.branchcomponent.Branch{bookingsQuantity=0, branchNumber=1, id=4}
16:16:46.987 [Test worker] DEBUG org.hibernate.internal.util.EntityPrinter - se1app.applicationcore.accountcomponent.Account{balance=50, id=7, accountNumber=0000000123, branch=se1app.applicationcore.branchcomponent.Branch#4}
16:16:46.987 [Test worker] DEBUG org.hibernate.SQL - select account0_.id as id1_0_, account0_.account_number as account_2_0_, account0_.balance as balance3_0_, account0_.branch_id as branch_i4_0_ from account account0_ where account0_.account_number=?
16:16:46.987 [Test worker] DEBUG org.hibernate.type.descriptor.converter.AttributeConverterSqlTypeDescriptorAdapter - Converted value on binding : 0000000123 -> 0000000123
16:16:46.988 [Test worker] DEBUG org.hibernate.loader.Loader - Result set row: 0
16:16:46.988 [Test worker] DEBUG org.hibernate.loader.Loader - Result row: EntityKey[se1app.applicationcore.accountcomponent.Account#7]
16:16:47.167 [Test worker] DEBUG org.hibernate.jpa.criteria.CriteriaQueryImpl - Rendered criteria query -> select generatedAlias0 from Account as generatedAlias0 where generatedAlias0.accountNumber=:param0
16:16:47.167 [Test worker] DEBUG org.hibernate.event.internal.AbstractFlushingEventListener - Processing flush-time cascades
16:16:47.167 [Test worker] DEBUG org.hibernate.event.internal.AbstractFlushingEventListener - Dirty checking collections
16:16:47.167 [Test worker] DEBUG org.hibernate.event.internal.AbstractFlushingEventListener - Flushed: 0 insertions, 0 updates, 0 deletions to 2 objects
16:16:47.167 [Test worker] DEBUG org.hibernate.event.internal.AbstractFlushingEventListener - Flushed: 0 (re)creations, 0 updates, 0 removals to 0 collections
16:16:47.167 [Test worker] DEBUG org.hibernate.internal.util.EntityPrinter - Listing entities:
16:16:47.167 [Test worker] DEBUG org.hibernate.internal.util.EntityPrinter - se1app.applicationcore.branchcomponent.Branch{bookingsQuantity=0, branchNumber=1, id=4}
16:16:47.167 [Test worker] DEBUG org.hibernate.internal.util.EntityPrinter - se1app.applicationcore.accountcomponent.Account{balance=50, id=7, accountNumber=0000000123, branch=se1app.applicationcore.branchcomponent.Branch#4}
16:16:47.167 [Test worker] DEBUG org.hibernate.SQL - select account0_.id as id1_0_, account0_.account_number as account_2_0_, account0_.balance as balance3_0_, account0_.branch_id as branch_i4_0_ from account account0_ where account0_.account_number=?
16:16:47.167 [Test worker] DEBUG org.hibernate.type.descriptor.converter.AttributeConverterSqlTypeDescriptorAdapter - Converted value on binding : 0000000456 -> 0000000456
16:16:47.167 [Test worker] DEBUG org.springframework.test.context.cache.DefaultCacheAwareContextLoaderDelegate - Retrieved ApplicationContext from cache with key [[MergedContextConfiguration@2178e388 testClass = AccountRepositoryTest, locations = '{}', classes = '{class se1app.applicationcore.Application}', contextInitializerClasses = '[]', activeProfiles = '{}', propertySourceLocations = '{}', propertySourceProperties = '{}', contextCustomizers = set[org.springframework.boot.test.context.filter.ExcludeFilterContextCustomizer@7025e8d4, org.springframework.boot.test.json.DuplicateJsonObjectContextCustomizerFactory$DuplicateJsonObjectContextCustomizer@108f7ba3, org.springframework.boot.test.mock.mockito.MockitoContextCustomizer@0, org.springframework.boot.test.autoconfigure.properties.PropertyMappingContextCustomizer@0, org.springframework.boot.test.autoconfigure.web.servlet.WebDriverContextCustomizerFactory$Customizer@7978f217], contextLoader = 'org.springframework.test.context.support.DelegatingSmartContextLoader', parent = [null]]]
16:16:47.183 [Test worker] DEBUG org.springframework.test.context.cache - Spring test ApplicationContext cache statistics: [DefaultContextCache@51ac02c size = 1, maxSize = 32, parentContextCount = 0, hitCount = 21, missCount = 1]
16:16:47.183 [Test worker] DEBUG org.springframework.test.context.cache.DefaultCacheAwareContextLoaderDelegate - Retrieved ApplicationContext from cache with key [[MergedContextConfiguration@2178e388 testClass = AccountRepositoryTest, locations = '{}', classes = '{class se1app.applicationcore.Application}', contextInitializerClasses = '[]', activeProfiles = '{}', propertySourceLocations = '{}', propertySourceProperties = '{}', contextCustomizers = set[org.springframework.boot.test.context.filter.ExcludeFilterContextCustomizer@7025e8d4, org.springframework.boot.test.json.DuplicateJsonObjectContextCustomizerFactory$DuplicateJsonObjectContextCustomizer@108f7ba3, org.springframework.boot.test.mock.mockito.MockitoContextCustomizer@0, org.springframework.boot.test.autoconfigure.properties.PropertyMappingContextCustomizer@0, org.springframework.boot.test.autoconfigure.web.servlet.WebDriverContextCustomizerFactory$Customizer@7978f217], contextLoader = 'org.springframework.test.context.support.DelegatingSmartContextLoader', parent = [null]]]
16:16:47.183 [Test worker] DEBUG org.springframework.test.context.cache - Spring test ApplicationContext cache statistics: [DefaultContextCache@51ac02c size = 1, maxSize = 32, parentContextCount = 0, hitCount = 22, missCount = 1]
16:16:47.183 [Test worker] DEBUG org.springframework.test.context.cache.DefaultCacheAwareContextLoaderDelegate - Retrieved ApplicationContext from cache with key [[MergedContextConfiguration@2178e388 testClass = AccountRepositoryTest, locations = '{}', classes = '{class se1app.applicationcore.Application}', contextInitializerClasses = '[]', activeProfiles = '{}', propertySourceLocations = '{}', propertySourceProperties = '{}', contextCustomizers = set[org.springframework.boot.test.context.filter.ExcludeFilterContextCustomizer@7025e8d4, org.springframework.boot.test.json.DuplicateJsonObjectContextCustomizerFactory$DuplicateJsonObjectContextCustomizer@108f7ba3, org.springframework.boot.test.mock.mockito.MockitoContextCustomizer@0, org.springframework.boot.test.autoconfigure.properties.PropertyMappingContextCustomizer@0, org.springframework.boot.test.autoconfigure.web.servlet.WebDriverContextCustomizerFactory$Customizer@7978f217], contextLoader = 'org.springframework.test.context.support.DelegatingSmartContextLoader', parent = [null]]]
16:16:47.183 [Test worker] DEBUG org.springframework.test.context.cache - Spring test ApplicationContext cache statistics: [DefaultContextCache@51ac02c size = 1, maxSize = 32, parentContextCount = 0, hitCount = 23, missCount = 1]
16:16:47.183 [Test worker] DEBUG org.springframework.beans.factory.support.DefaultListableBeanFactory - Returning cached instance of singleton bean 'org.springframework.boot.test.mock.mockito.MockitoBeans'
16:16:47.183 [Test worker] DEBUG org.springframework.orm.jpa.JpaTransactionManager - Initiating transaction rollback
16:16:47.183 [Test worker] DEBUG org.springframework.orm.jpa.JpaTransactionManager - Rolling back JPA transaction on EntityManager [org.hibernate.jpa.internal.EntityManagerImpl@2ade5feb]
16:16:47.183 [Test worker] DEBUG org.hibernate.engine.transaction.internal.TransactionImpl - rolling back
16:16:47.183 [Test worker] DEBUG org.springframework.orm.jpa.JpaTransactionManager - Closing JPA EntityManager [org.hibernate.jpa.internal.EntityManagerImpl@2ade5feb] after transaction
16:16:47.183 [Test worker] DEBUG org.springframework.orm.jpa.EntityManagerFactoryUtils - Closing JPA EntityManager
16:16:47.183 [Test worker] INFO org.springframework.test.context.transaction.TransactionContext - Rolled back transaction for test context [DefaultTestContext@61cf705b testClass = AccountRepositoryTest, testInstance = se1app.applicationcore.accountcomponent.AccountRepositoryTest@67c7f508, testMethod = testFindByAccountNumber@AccountRepositoryTest, testException = [null], mergedContextConfiguration = [MergedContextConfiguration@2178e388 testClass = AccountRepositoryTest, locations = '{}', classes = '{class se1app.applicationcore.Application}', contextInitializerClasses = '[]', activeProfiles = '{}', propertySourceLocations = '{}', propertySourceProperties = '{}', contextCustomizers = set[org.springframework.boot.test.context.filter.ExcludeFilterContextCustomizer@7025e8d4, org.springframework.boot.test.json.DuplicateJsonObjectContextCustomizerFactory$DuplicateJsonObjectContextCustomizer@108f7ba3, org.springframework.boot.test.mock.mockito.MockitoContextCustomizer@0, org.springframework.boot.test.autoconfigure.properties.PropertyMappingContextCustomizer@0, org.springframework.boot.test.autoconfigure.web.servlet.WebDriverContextCustomizerFactory$Customizer@7978f217], contextLoader = 'org.springframework.test.context.support.DelegatingSmartContextLoader', parent = [null]]].
16:16:47.183 [Test worker] DEBUG org.springframework.test.context.support.AbstractDirtiesContextTestExecutionListener - After test method: context [DefaultTestContext@61cf705b testClass = AccountRepositoryTest, testInstance = se1app.applicationcore.accountcomponent.AccountRepositoryTest@67c7f508, testMethod = testFindByAccountNumber@AccountRepositoryTest, testException = [null], mergedContextConfiguration = [MergedContextConfiguration@2178e388 testClass = AccountRepositoryTest, locations = '{}', classes = '{class se1app.applicationcore.Application}', contextInitializerClasses = '[]', activeProfiles = '{}', propertySourceLocations = '{}', propertySourceProperties = '{}', contextCustomizers = set[org.springframework.boot.test.context.filter.ExcludeFilterContextCustomizer@7025e8d4, org.springframework.boot.test.json.DuplicateJsonObjectContextCustomizerFactory$DuplicateJsonObjectContextCustomizer@108f7ba3, org.springframework.boot.test.mock.mockito.MockitoContextCustomizer@0, org.springframework.boot.test.autoconfigure.properties.PropertyMappingContextCustomizer@0, org.springframework.boot.test.autoconfigure.web.servlet.WebDriverContextCustomizerFactory$Customizer@7978f217], contextLoader = 'org.springframework.test.context.support.DelegatingSmartContextLoader', parent = [null]]], class annotated with @DirtiesContext [false] with mode [null], method annotated with @DirtiesContext [false] with mode [null].
16:16:47.183 [Test worker] DEBUG org.springframework.test.context.support.AbstractDirtiesContextTestExecutionListener - After test class: context [DefaultTestContext@61cf705b testClass = AccountRepositoryTest, testInstance = [null], testMethod = [null], testException = [null], mergedContextConfiguration = [MergedContextConfiguration@2178e388 testClass = AccountRepositoryTest, locations = '{}', classes = '{class se1app.applicationcore.Application}', contextInitializerClasses = '[]', activeProfiles = '{}', propertySourceLocations = '{}', propertySourceProperties = '{}', contextCustomizers = set[org.springframework.boot.test.context.filter.ExcludeFilterContextCustomizer@7025e8d4, org.springframework.boot.test.json.DuplicateJsonObjectContextCustomizerFactory$DuplicateJsonObjectContextCustomizer@108f7ba3, org.springframework.boot.test.mock.mockito.MockitoContextCustomizer@0, org.springframework.boot.test.autoconfigure.properties.PropertyMappingContextCustomizer@0, org.springframework.boot.test.autoconfigure.web.servlet.WebDriverContextCustomizerFactory$Customizer@7978f217], contextLoader = 'org.springframework.test.context.support.DelegatingSmartContextLoader', parent = [null]]], class annotated with @DirtiesContext [false] with mode [null].
]]></system-out>
  <system-err><![CDATA[]]></system-err>
</testsuite>
