<?xml version="1.0" encoding="UTF-8"?>
<testsuite name="se1app.applicationcore.customercomponent.CustomerRepositoryTest" tests="3" skipped="0" failures="0" errors="0" timestamp="2017-12-12T15:16:50" hostname="User-PC" time="0.171">
  <properties/>
  <testcase name="testFindAll" classname="se1app.applicationcore.customercomponent.CustomerRepositoryTest" time="0.031"/>
  <testcase name="testFindByName" classname="se1app.applicationcore.customercomponent.CustomerRepositoryTest" time="0.031"/>
  <testcase name="testFindByMovie" classname="se1app.applicationcore.customercomponent.CustomerRepositoryTest" time="0.093"/>
  <system-out><![CDATA[16:16:50.208 [Test worker] DEBUG org.springframework.test.context.junit4.SpringJUnit4ClassRunner - SpringJUnit4ClassRunner constructor called with [class se1app.applicationcore.customercomponent.CustomerRepositoryTest]
16:16:50.208 [Test worker] DEBUG org.springframework.test.context.BootstrapUtils - Instantiating CacheAwareContextLoaderDelegate from class [org.springframework.test.context.cache.DefaultCacheAwareContextLoaderDelegate]
16:16:50.208 [Test worker] DEBUG org.springframework.test.context.BootstrapUtils - Instantiating BootstrapContext using constructor [public org.springframework.test.context.support.DefaultBootstrapContext(java.lang.Class,org.springframework.test.context.CacheAwareContextLoaderDelegate)]
16:16:50.208 [Test worker] DEBUG org.springframework.test.context.BootstrapUtils - Instantiating TestContextBootstrapper for test class [se1app.applicationcore.customercomponent.CustomerRepositoryTest] from class [org.springframework.test.context.support.DefaultTestContextBootstrapper]
16:16:50.209 [Test worker] DEBUG org.springframework.test.context.support.AbstractDelegatingSmartContextLoader - Delegating to AnnotationConfigContextLoader to process context configuration [ContextConfigurationAttributes@4b2064d9 declaringClass = 'se1app.applicationcore.customercomponent.CustomerRepositoryTest', classes = '{class se1app.applicationcore.Application}', locations = '{}', inheritLocations = true, initializers = '{}', inheritInitializers = true, name = [null], contextLoaderClass = 'org.springframework.test.context.ContextLoader'].
16:16:50.214 [Test worker] DEBUG org.springframework.test.context.support.DefaultTestContextBootstrapper - @TestExecutionListeners is not present for class [se1app.applicationcore.customercomponent.CustomerRepositoryTest]: using defaults.
16:16:50.217 [Test worker] INFO org.springframework.test.context.support.DefaultTestContextBootstrapper - Loaded default TestExecutionListener class names from location [META-INF/spring.factories]: [org.springframework.boot.test.mock.mockito.MockitoTestExecutionListener, org.springframework.boot.test.mock.mockito.ResetMocksTestExecutionListener, org.springframework.boot.test.autoconfigure.restdocs.RestDocsTestExecutionListener, org.springframework.boot.test.autoconfigure.web.client.MockRestServiceServerResetTestExecutionListener, org.springframework.boot.test.autoconfigure.web.servlet.MockMvcPrintOnlyOnFailureTestExecutionListener, org.springframework.boot.test.autoconfigure.web.servlet.WebDriverTestExecutionListener, org.springframework.test.context.web.ServletTestExecutionListener, org.springframework.test.context.support.DirtiesContextBeforeModesTestExecutionListener, org.springframework.test.context.support.DependencyInjectionTestExecutionListener, org.springframework.test.context.support.DirtiesContextTestExecutionListener, org.springframework.test.context.transaction.TransactionalTestExecutionListener, org.springframework.test.context.jdbc.SqlScriptsTestExecutionListener]
16:16:50.218 [Test worker] INFO org.springframework.test.context.support.DefaultTestContextBootstrapper - Using TestExecutionListeners: [org.springframework.test.context.web.ServletTestExecutionListener@7f82f776, org.springframework.test.context.support.DirtiesContextBeforeModesTestExecutionListener@13636e82, org.springframework.test.context.support.DependencyInjectionTestExecutionListener@6e9d7f3e, org.springframework.test.context.support.DirtiesContextTestExecutionListener@5e21c7a4, org.springframework.test.context.transaction.TransactionalTestExecutionListener@3670b251, org.springframework.test.context.jdbc.SqlScriptsTestExecutionListener@3eefdd63, org.springframework.boot.test.autoconfigure.web.servlet.MockMvcPrintOnlyOnFailureTestExecutionListener@3b8e210f, org.springframework.boot.test.autoconfigure.restdocs.RestDocsTestExecutionListener@6bc2cd3d, org.springframework.boot.test.mock.mockito.MockitoTestExecutionListener@5893082e, org.springframework.boot.test.mock.mockito.ResetMocksTestExecutionListener@1857c29a, org.springframework.boot.test.autoconfigure.web.client.MockRestServiceServerResetTestExecutionListener@521b0ec6, org.springframework.boot.test.autoconfigure.web.servlet.WebDriverTestExecutionListener@2f4d8a9d]
16:16:50.218 [Test worker] DEBUG org.springframework.test.annotation.ProfileValueUtils - Retrieved @ProfileValueSourceConfiguration [null] for test class [se1app.applicationcore.customercomponent.CustomerRepositoryTest]
16:16:50.218 [Test worker] DEBUG org.springframework.test.annotation.ProfileValueUtils - Retrieved ProfileValueSource type [class org.springframework.test.annotation.SystemProfileValueSource] for class [se1app.applicationcore.customercomponent.CustomerRepositoryTest]
16:16:50.218 [Test worker] DEBUG org.springframework.test.annotation.ProfileValueUtils - Retrieved @ProfileValueSourceConfiguration [null] for test class [se1app.applicationcore.customercomponent.CustomerRepositoryTest]
16:16:50.218 [Test worker] DEBUG org.springframework.test.annotation.ProfileValueUtils - Retrieved ProfileValueSource type [class org.springframework.test.annotation.SystemProfileValueSource] for class [se1app.applicationcore.customercomponent.CustomerRepositoryTest]
16:16:50.218 [Test worker] DEBUG org.springframework.test.context.support.AbstractDirtiesContextTestExecutionListener - Before test class: context [DefaultTestContext@6f5f3522 testClass = CustomerRepositoryTest, testInstance = [null], testMethod = [null], testException = [null], mergedContextConfiguration = [MergedContextConfiguration@493a6941 testClass = CustomerRepositoryTest, locations = '{}', classes = '{class se1app.applicationcore.Application}', contextInitializerClasses = '[]', activeProfiles = '{test}', propertySourceLocations = '{}', propertySourceProperties = '{}', contextCustomizers = set[org.springframework.boot.test.context.filter.ExcludeFilterContextCustomizer@7025e8d4, org.springframework.boot.test.json.DuplicateJsonObjectContextCustomizerFactory$DuplicateJsonObjectContextCustomizer@108f7ba3, org.springframework.boot.test.mock.mockito.MockitoContextCustomizer@0, org.springframework.boot.test.autoconfigure.properties.PropertyMappingContextCustomizer@0, org.springframework.boot.test.autoconfigure.web.servlet.WebDriverContextCustomizerFactory$Customizer@7978f217], contextLoader = 'org.springframework.test.context.support.DelegatingSmartContextLoader', parent = [null]]], class annotated with @DirtiesContext [false] with mode [null].
16:16:50.218 [Test worker] DEBUG org.springframework.test.annotation.ProfileValueUtils - Retrieved @ProfileValueSourceConfiguration [null] for test class [se1app.applicationcore.customercomponent.CustomerRepositoryTest]
16:16:50.219 [Test worker] DEBUG org.springframework.test.annotation.ProfileValueUtils - Retrieved ProfileValueSource type [class org.springframework.test.annotation.SystemProfileValueSource] for class [se1app.applicationcore.customercomponent.CustomerRepositoryTest]
16:16:50.219 [Test worker] DEBUG org.springframework.test.context.support.DependencyInjectionTestExecutionListener - Performing dependency injection for test context [[DefaultTestContext@6f5f3522 testClass = CustomerRepositoryTest, testInstance = se1app.applicationcore.customercomponent.CustomerRepositoryTest@43dd339e, testMethod = [null], testException = [null], mergedContextConfiguration = [MergedContextConfiguration@493a6941 testClass = CustomerRepositoryTest, locations = '{}', classes = '{class se1app.applicationcore.Application}', contextInitializerClasses = '[]', activeProfiles = '{test}', propertySourceLocations = '{}', propertySourceProperties = '{}', contextCustomizers = set[org.springframework.boot.test.context.filter.ExcludeFilterContextCustomizer@7025e8d4, org.springframework.boot.test.json.DuplicateJsonObjectContextCustomizerFactory$DuplicateJsonObjectContextCustomizer@108f7ba3, org.springframework.boot.test.mock.mockito.MockitoContextCustomizer@0, org.springframework.boot.test.autoconfigure.properties.PropertyMappingContextCustomizer@0, org.springframework.boot.test.autoconfigure.web.servlet.WebDriverContextCustomizerFactory$Customizer@7978f217], contextLoader = 'org.springframework.test.context.support.DelegatingSmartContextLoader', parent = [null]]]].
16:16:50.219 [Test worker] DEBUG org.springframework.test.context.cache.DefaultCacheAwareContextLoaderDelegate - Retrieved ApplicationContext from cache with key [[MergedContextConfiguration@493a6941 testClass = CustomerRepositoryTest, locations = '{}', classes = '{class se1app.applicationcore.Application}', contextInitializerClasses = '[]', activeProfiles = '{test}', propertySourceLocations = '{}', propertySourceProperties = '{}', contextCustomizers = set[org.springframework.boot.test.context.filter.ExcludeFilterContextCustomizer@7025e8d4, org.springframework.boot.test.json.DuplicateJsonObjectContextCustomizerFactory$DuplicateJsonObjectContextCustomizer@108f7ba3, org.springframework.boot.test.mock.mockito.MockitoContextCustomizer@0, org.springframework.boot.test.autoconfigure.properties.PropertyMappingContextCustomizer@0, org.springframework.boot.test.autoconfigure.web.servlet.WebDriverContextCustomizerFactory$Customizer@7978f217], contextLoader = 'org.springframework.test.context.support.DelegatingSmartContextLoader', parent = [null]]]
16:16:50.219 [Test worker] DEBUG org.springframework.test.context.cache - Spring test ApplicationContext cache statistics: [DefaultContextCache@51ac02c size = 2, maxSize = 32, parentContextCount = 0, hitCount = 59, missCount = 2]
16:16:50.221 [Test worker] DEBUG org.springframework.beans.factory.annotation.InjectionMetadata - Processing injected element of bean 'se1app.applicationcore.customercomponent.CustomerRepositoryTest': AutowiredFieldElement for private se1app.applicationcore.customercomponent.CustomerRepository se1app.applicationcore.customercomponent.CustomerRepositoryTest.customerRepository
16:16:50.221 [Test worker] DEBUG org.springframework.beans.factory.support.DefaultListableBeanFactory - Returning cached instance of singleton bean 'customerRepository'
16:16:50.221 [Test worker] DEBUG org.springframework.beans.factory.annotation.AutowiredAnnotationBeanPostProcessor - Autowiring by type from bean name 'se1app.applicationcore.customercomponent.CustomerRepositoryTest' to bean named 'customerRepository'
16:16:50.222 [Test worker] DEBUG org.springframework.beans.factory.support.DefaultListableBeanFactory - Returning cached instance of singleton bean 'org.springframework.transaction.config.internalTransactionAdvisor'
16:16:50.222 [Test worker] DEBUG org.springframework.beans.factory.support.DefaultListableBeanFactory - Returning cached instance of singleton bean 'org.springframework.transaction.config.internalTransactionAdvisor'
16:16:50.222 [Test worker] DEBUG org.springframework.transaction.annotation.AnnotationTransactionAttributeSource - Adding transactional method 'se1app.applicationcore.customercomponent.CustomerRepositoryTest.setup' with attribute: PROPAGATION_REQUIRED,ISOLATION_DEFAULT; ''
16:16:50.222 [Test worker] DEBUG org.springframework.aop.aspectj.annotation.AnnotationAwareAspectJAutoProxyCreator - Creating implicit proxy for bean 'se1app.applicationcore.customercomponent.CustomerRepositoryTest' with 0 common interceptors and 1 specific interceptors
16:16:50.222 [Test worker] DEBUG org.springframework.aop.framework.CglibAopProxy - Creating CGLIB proxy: target source is SingletonTargetSource for target object [se1app.applicationcore.customercomponent.CustomerRepositoryTest@43dd339e]
16:16:50.223 [Test worker] DEBUG org.springframework.aop.framework.CglibAopProxy - Unable to apply any optimizations to advised method: public void se1app.applicationcore.customercomponent.CustomerRepositoryTest.setup()
16:16:50.223 [Test worker] DEBUG org.springframework.transaction.annotation.AnnotationTransactionAttributeSource - Adding transactional method 'se1app.applicationcore.customercomponent.CustomerRepositoryTest.testFindByName' with attribute: PROPAGATION_REQUIRED,ISOLATION_DEFAULT; ''
16:16:50.223 [Test worker] DEBUG org.springframework.aop.framework.CglibAopProxy - Unable to apply any optimizations to advised method: public void se1app.applicationcore.customercomponent.CustomerRepositoryTest.testFindByName()
16:16:50.224 [Test worker] DEBUG org.springframework.transaction.annotation.AnnotationTransactionAttributeSource - Adding transactional method 'se1app.applicationcore.customercomponent.CustomerRepositoryTest.testFindAll' with attribute: PROPAGATION_REQUIRED,ISOLATION_DEFAULT; ''
16:16:50.224 [Test worker] DEBUG org.springframework.aop.framework.CglibAopProxy - Unable to apply any optimizations to advised method: public void se1app.applicationcore.customercomponent.CustomerRepositoryTest.testFindAll()
16:16:50.224 [Test worker] DEBUG org.springframework.transaction.annotation.AnnotationTransactionAttributeSource - Adding transactional method 'se1app.applicationcore.customercomponent.CustomerRepositoryTest.testFindByMovie' with attribute: PROPAGATION_REQUIRED,ISOLATION_DEFAULT; ''
16:16:50.224 [Test worker] DEBUG org.springframework.aop.framework.CglibAopProxy - Unable to apply any optimizations to advised method: public void se1app.applicationcore.customercomponent.CustomerRepositoryTest.testFindByMovie()
16:16:50.224 [Test worker] DEBUG org.springframework.aop.framework.CglibAopProxy - Found 'equals' method: public boolean java.lang.Object.equals(java.lang.Object)
16:16:50.224 [Test worker] DEBUG org.springframework.aop.framework.CglibAopProxy - Unable to apply any optimizations to advised method: public java.lang.String java.lang.Object.toString()
16:16:50.224 [Test worker] DEBUG org.springframework.aop.framework.CglibAopProxy - Found 'hashCode' method: public native int java.lang.Object.hashCode()
16:16:50.224 [Test worker] DEBUG org.springframework.aop.framework.CglibAopProxy - Unable to apply any optimizations to advised method: protected native java.lang.Object java.lang.Object.clone() throws java.lang.CloneNotSupportedException
16:16:50.224 [Test worker] DEBUG org.springframework.aop.framework.CglibAopProxy - Method is declared on Advised interface: public abstract int org.springframework.aop.framework.Advised.indexOf(org.springframework.aop.Advisor)
16:16:50.224 [Test worker] DEBUG org.springframework.aop.framework.CglibAopProxy - Method is declared on Advised interface: public abstract int org.springframework.aop.framework.Advised.indexOf(org.aopalliance.aop.Advice)
16:16:50.224 [Test worker] DEBUG org.springframework.aop.framework.CglibAopProxy - Method is declared on Advised interface: public abstract boolean org.springframework.aop.framework.Advised.isFrozen()
16:16:50.224 [Test worker] DEBUG org.springframework.aop.framework.CglibAopProxy - Method is declared on Advised interface: public abstract void org.springframework.aop.framework.Advised.addAdvisor(int,org.springframework.aop.Advisor) throws org.springframework.aop.framework.AopConfigException
16:16:50.224 [Test worker] DEBUG org.springframework.aop.framework.CglibAopProxy - Method is declared on Advised interface: public abstract void org.springframework.aop.framework.Advised.addAdvisor(org.springframework.aop.Advisor) throws org.springframework.aop.framework.AopConfigException
16:16:50.224 [Test worker] DEBUG org.springframework.aop.framework.CglibAopProxy - Method is declared on Advised interface: public abstract void org.springframework.aop.framework.Advised.setExposeProxy(boolean)
16:16:50.224 [Test worker] DEBUG org.springframework.aop.framework.CglibAopProxy - Method is declared on Advised interface: public abstract boolean org.springframework.aop.framework.Advised.isExposeProxy()
16:16:50.224 [Test worker] DEBUG org.springframework.aop.framework.CglibAopProxy - Method is declared on Advised interface: public abstract void org.springframework.aop.framework.Advised.setTargetSource(org.springframework.aop.TargetSource)
16:16:50.224 [Test worker] DEBUG org.springframework.aop.framework.CglibAopProxy - Method is declared on Advised interface: public abstract boolean org.springframework.aop.framework.Advised.isProxyTargetClass()
16:16:50.224 [Test worker] DEBUG org.springframework.aop.framework.CglibAopProxy - Method is declared on Advised interface: public abstract boolean org.springframework.aop.framework.Advised.isPreFiltered()
16:16:50.224 [Test worker] DEBUG org.springframework.aop.framework.CglibAopProxy - Method is declared on Advised interface: public abstract void org.springframework.aop.framework.Advised.removeAdvisor(int) throws org.springframework.aop.framework.AopConfigException
16:16:50.224 [Test worker] DEBUG org.springframework.aop.framework.CglibAopProxy - Method is declared on Advised interface: public abstract boolean org.springframework.aop.framework.Advised.removeAdvisor(org.springframework.aop.Advisor)
16:16:50.224 [Test worker] DEBUG org.springframework.aop.framework.CglibAopProxy - Method is declared on Advised interface: public abstract boolean org.springframework.aop.framework.Advised.replaceAdvisor(org.springframework.aop.Advisor,org.springframework.aop.Advisor) throws org.springframework.aop.framework.AopConfigException
16:16:50.224 [Test worker] DEBUG org.springframework.aop.framework.CglibAopProxy - Method is declared on Advised interface: public abstract boolean org.springframework.aop.framework.Advised.removeAdvice(org.aopalliance.aop.Advice)
16:16:50.224 [Test worker] DEBUG org.springframework.aop.framework.CglibAopProxy - Method is declared on Advised interface: public abstract java.lang.Class[] org.springframework.aop.framework.Advised.getProxiedInterfaces()
16:16:50.225 [Test worker] DEBUG org.springframework.aop.framework.CglibAopProxy - Method is declared on Advised interface: public abstract boolean org.springframework.aop.framework.Advised.isInterfaceProxied(java.lang.Class)
16:16:50.225 [Test worker] DEBUG org.springframework.aop.framework.CglibAopProxy - Method is declared on Advised interface: public abstract java.lang.String org.springframework.aop.framework.Advised.toProxyConfigString()
16:16:50.225 [Test worker] DEBUG org.springframework.aop.framework.CglibAopProxy - Method is declared on Advised interface: public abstract org.springframework.aop.TargetSource org.springframework.aop.framework.Advised.getTargetSource()
16:16:50.225 [Test worker] DEBUG org.springframework.aop.framework.CglibAopProxy - Method is declared on Advised interface: public abstract void org.springframework.aop.framework.Advised.setPreFiltered(boolean)
16:16:50.225 [Test worker] DEBUG org.springframework.aop.framework.CglibAopProxy - Method is declared on Advised interface: public abstract void org.springframework.aop.framework.Advised.addAdvice(int,org.aopalliance.aop.Advice) throws org.springframework.aop.framework.AopConfigException
16:16:50.225 [Test worker] DEBUG org.springframework.aop.framework.CglibAopProxy - Method is declared on Advised interface: public abstract void org.springframework.aop.framework.Advised.addAdvice(org.aopalliance.aop.Advice) throws org.springframework.aop.framework.AopConfigException
16:16:50.225 [Test worker] DEBUG org.springframework.aop.framework.CglibAopProxy - Method is declared on Advised interface: public abstract org.springframework.aop.Advisor[] org.springframework.aop.framework.Advised.getAdvisors()
16:16:50.225 [Test worker] DEBUG org.springframework.aop.framework.CglibAopProxy - Method is declared on Advised interface: public abstract java.lang.Class org.springframework.aop.TargetClassAware.getTargetClass()
16:16:50.233 [Test worker] DEBUG org.springframework.test.context.support.AbstractDirtiesContextTestExecutionListener - Before test method: context [DefaultTestContext@6f5f3522 testClass = CustomerRepositoryTest, testInstance = se1app.applicationcore.customercomponent.CustomerRepositoryTest@43dd339e, testMethod = testFindAll@CustomerRepositoryTest, testException = [null], mergedContextConfiguration = [MergedContextConfiguration@493a6941 testClass = CustomerRepositoryTest, locations = '{}', classes = '{class se1app.applicationcore.Application}', contextInitializerClasses = '[]', activeProfiles = '{test}', propertySourceLocations = '{}', propertySourceProperties = '{}', contextCustomizers = set[org.springframework.boot.test.context.filter.ExcludeFilterContextCustomizer@7025e8d4, org.springframework.boot.test.json.DuplicateJsonObjectContextCustomizerFactory$DuplicateJsonObjectContextCustomizer@108f7ba3, org.springframework.boot.test.mock.mockito.MockitoContextCustomizer@0, org.springframework.boot.test.autoconfigure.properties.PropertyMappingContextCustomizer@0, org.springframework.boot.test.autoconfigure.web.servlet.WebDriverContextCustomizerFactory$Customizer@7978f217], contextLoader = 'org.springframework.test.context.support.DelegatingSmartContextLoader', parent = [null]]], class annotated with @DirtiesContext [false] with mode [null], method annotated with @DirtiesContext [false] with mode [null].
16:16:50.233 [Test worker] DEBUG org.springframework.transaction.annotation.AnnotationTransactionAttributeSource - Adding transactional method 'se1app.applicationcore.customercomponent.CustomerRepositoryTest.testFindAll' with attribute: PROPAGATION_REQUIRED,ISOLATION_DEFAULT; ''
16:16:50.233 [Test worker] DEBUG org.springframework.test.context.transaction.TransactionalTestExecutionListener - Explicit transaction definition [PROPAGATION_REQUIRED,ISOLATION_DEFAULT; ''] found for test context [DefaultTestContext@6f5f3522 testClass = CustomerRepositoryTest, testInstance = se1app.applicationcore.customercomponent.CustomerRepositoryTest@43dd339e, testMethod = testFindAll@CustomerRepositoryTest, testException = [null], mergedContextConfiguration = [MergedContextConfiguration@493a6941 testClass = CustomerRepositoryTest, locations = '{}', classes = '{class se1app.applicationcore.Application}', contextInitializerClasses = '[]', activeProfiles = '{test}', propertySourceLocations = '{}', propertySourceProperties = '{}', contextCustomizers = set[org.springframework.boot.test.context.filter.ExcludeFilterContextCustomizer@7025e8d4, org.springframework.boot.test.json.DuplicateJsonObjectContextCustomizerFactory$DuplicateJsonObjectContextCustomizer@108f7ba3, org.springframework.boot.test.mock.mockito.MockitoContextCustomizer@0, org.springframework.boot.test.autoconfigure.properties.PropertyMappingContextCustomizer@0, org.springframework.boot.test.autoconfigure.web.servlet.WebDriverContextCustomizerFactory$Customizer@7978f217], contextLoader = 'org.springframework.test.context.support.DelegatingSmartContextLoader', parent = [null]]]
16:16:50.233 [Test worker] DEBUG org.springframework.test.context.transaction.TransactionalTestExecutionListener - Retrieved @TransactionConfiguration [null] for test class [se1app.applicationcore.customercomponent.CustomerRepositoryTest].
16:16:50.233 [Test worker] DEBUG org.springframework.test.context.transaction.TransactionalTestExecutionListener - Using TransactionConfigurationAttributes [TransactionConfigurationAttributes@721d107 transactionManagerName = '', defaultRollback = true] for test class [se1app.applicationcore.customercomponent.CustomerRepositoryTest].
16:16:50.233 [Test worker] DEBUG org.springframework.test.context.cache.DefaultCacheAwareContextLoaderDelegate - Retrieved ApplicationContext from cache with key [[MergedContextConfiguration@493a6941 testClass = CustomerRepositoryTest, locations = '{}', classes = '{class se1app.applicationcore.Application}', contextInitializerClasses = '[]', activeProfiles = '{test}', propertySourceLocations = '{}', propertySourceProperties = '{}', contextCustomizers = set[org.springframework.boot.test.context.filter.ExcludeFilterContextCustomizer@7025e8d4, org.springframework.boot.test.json.DuplicateJsonObjectContextCustomizerFactory$DuplicateJsonObjectContextCustomizer@108f7ba3, org.springframework.boot.test.mock.mockito.MockitoContextCustomizer@0, org.springframework.boot.test.autoconfigure.properties.PropertyMappingContextCustomizer@0, org.springframework.boot.test.autoconfigure.web.servlet.WebDriverContextCustomizerFactory$Customizer@7978f217], contextLoader = 'org.springframework.test.context.support.DelegatingSmartContextLoader', parent = [null]]]
16:16:50.233 [Test worker] DEBUG org.springframework.test.context.cache - Spring test ApplicationContext cache statistics: [DefaultContextCache@51ac02c size = 2, maxSize = 32, parentContextCount = 0, hitCount = 60, missCount = 2]
16:16:50.233 [Test worker] DEBUG org.springframework.beans.factory.support.DefaultListableBeanFactory - Returning cached instance of singleton bean 'transactionManager'
16:16:50.233 [Test worker] DEBUG org.springframework.test.context.transaction.TransactionalTestExecutionListener - No method-level @Rollback override: using default rollback [true] for test context [DefaultTestContext@6f5f3522 testClass = CustomerRepositoryTest, testInstance = se1app.applicationcore.customercomponent.CustomerRepositoryTest@43dd339e, testMethod = testFindAll@CustomerRepositoryTest, testException = [null], mergedContextConfiguration = [MergedContextConfiguration@493a6941 testClass = CustomerRepositoryTest, locations = '{}', classes = '{class se1app.applicationcore.Application}', contextInitializerClasses = '[]', activeProfiles = '{test}', propertySourceLocations = '{}', propertySourceProperties = '{}', contextCustomizers = set[org.springframework.boot.test.context.filter.ExcludeFilterContextCustomizer@7025e8d4, org.springframework.boot.test.json.DuplicateJsonObjectContextCustomizerFactory$DuplicateJsonObjectContextCustomizer@108f7ba3, org.springframework.boot.test.mock.mockito.MockitoContextCustomizer@0, org.springframework.boot.test.autoconfigure.properties.PropertyMappingContextCustomizer@0, org.springframework.boot.test.autoconfigure.web.servlet.WebDriverContextCustomizerFactory$Customizer@7978f217], contextLoader = 'org.springframework.test.context.support.DelegatingSmartContextLoader', parent = [null]]].
16:16:50.233 [Test worker] DEBUG org.springframework.orm.jpa.JpaTransactionManager - Creating new transaction with name [se1app.applicationcore.customercomponent.CustomerRepositoryTest.testFindAll]: PROPAGATION_REQUIRED,ISOLATION_DEFAULT; ''
16:16:50.233 [Test worker] DEBUG org.springframework.orm.jpa.JpaTransactionManager - Opened new EntityManager [org.hibernate.jpa.internal.EntityManagerImpl@6ac061a8] for JPA transaction
16:16:50.233 [Test worker] DEBUG org.hibernate.engine.transaction.internal.TransactionImpl - begin
16:16:50.233 [Test worker] DEBUG org.springframework.orm.jpa.JpaTransactionManager - Exposing JPA transaction as JDBC transaction [org.springframework.orm.jpa.vendor.HibernateJpaDialect$HibernateConnectionHandle@57cfb96]
16:16:50.233 [Test worker] INFO org.springframework.test.context.transaction.TransactionContext - Began transaction (1) for test context [DefaultTestContext@6f5f3522 testClass = CustomerRepositoryTest, testInstance = se1app.applicationcore.customercomponent.CustomerRepositoryTest@43dd339e, testMethod = testFindAll@CustomerRepositoryTest, testException = [null], mergedContextConfiguration = [MergedContextConfiguration@493a6941 testClass = CustomerRepositoryTest, locations = '{}', classes = '{class se1app.applicationcore.Application}', contextInitializerClasses = '[]', activeProfiles = '{test}', propertySourceLocations = '{}', propertySourceProperties = '{}', contextCustomizers = set[org.springframework.boot.test.context.filter.ExcludeFilterContextCustomizer@7025e8d4, org.springframework.boot.test.json.DuplicateJsonObjectContextCustomizerFactory$DuplicateJsonObjectContextCustomizer@108f7ba3, org.springframework.boot.test.mock.mockito.MockitoContextCustomizer@0, org.springframework.boot.test.autoconfigure.properties.PropertyMappingContextCustomizer@0, org.springframework.boot.test.autoconfigure.web.servlet.WebDriverContextCustomizerFactory$Customizer@7978f217], contextLoader = 'org.springframework.test.context.support.DelegatingSmartContextLoader', parent = [null]]]; transaction manager [org.springframework.orm.jpa.JpaTransactionManager@45a9deb7]; rollback [true]
16:16:50.233 [Test worker] DEBUG org.springframework.test.context.cache.DefaultCacheAwareContextLoaderDelegate - Retrieved ApplicationContext from cache with key [[MergedContextConfiguration@493a6941 testClass = CustomerRepositoryTest, locations = '{}', classes = '{class se1app.applicationcore.Application}', contextInitializerClasses = '[]', activeProfiles = '{test}', propertySourceLocations = '{}', propertySourceProperties = '{}', contextCustomizers = set[org.springframework.boot.test.context.filter.ExcludeFilterContextCustomizer@7025e8d4, org.springframework.boot.test.json.DuplicateJsonObjectContextCustomizerFactory$DuplicateJsonObjectContextCustomizer@108f7ba3, org.springframework.boot.test.mock.mockito.MockitoContextCustomizer@0, org.springframework.boot.test.autoconfigure.properties.PropertyMappingContextCustomizer@0, org.springframework.boot.test.autoconfigure.web.servlet.WebDriverContextCustomizerFactory$Customizer@7978f217], contextLoader = 'org.springframework.test.context.support.DelegatingSmartContextLoader', parent = [null]]]
16:16:50.233 [Test worker] DEBUG org.springframework.test.context.cache - Spring test ApplicationContext cache statistics: [DefaultContextCache@51ac02c size = 2, maxSize = 32, parentContextCount = 0, hitCount = 61, missCount = 2]
16:16:50.233 [Test worker] DEBUG org.springframework.beans.factory.support.DefaultListableBeanFactory - Returning cached instance of singleton bean 'org.springframework.boot.test.mock.mockito.MockitoBeans'
16:16:50.233 [Test worker] DEBUG org.springframework.orm.jpa.JpaTransactionManager - Found thread-bound EntityManager [org.hibernate.jpa.internal.EntityManagerImpl@6ac061a8] for JPA transaction
16:16:50.233 [Test worker] DEBUG org.springframework.orm.jpa.JpaTransactionManager - Participating in existing transaction
16:16:50.248 [Test worker] DEBUG org.hibernate.engine.spi.ActionQueue - Executing identity-insert immediately
16:16:50.248 [Test worker] DEBUG org.hibernate.SQL - insert into customer (id, email, name) values (null, ?, ?)
16:16:50.248 [Test worker] DEBUG org.hibernate.id.IdentifierGeneratorHelper - Natively generated identity: 3
16:16:50.248 [Test worker] DEBUG org.hibernate.resource.jdbc.internal.ResourceRegistryStandardImpl - HHH000387: ResultSet's statement was not registered
16:16:50.248 [Test worker] DEBUG org.hibernate.engine.spi.ActionQueue - Executing identity-insert immediately
16:16:50.248 [Test worker] DEBUG org.hibernate.SQL - insert into movie (id, number_of_reservations, title) values (null, ?, ?)
16:16:50.248 [Test worker] DEBUG org.hibernate.id.IdentifierGeneratorHelper - Natively generated identity: 3
16:16:50.248 [Test worker] DEBUG org.hibernate.resource.jdbc.internal.ResourceRegistryStandardImpl - HHH000387: ResultSet's statement was not registered
16:16:50.248 [Test worker] DEBUG org.hibernate.engine.spi.ActionQueue - Executing identity-insert immediately
16:16:50.248 [Test worker] DEBUG org.hibernate.SQL - insert into reservation (id, customer_id, movie_id) values (null, ?, ?)
16:16:50.248 [Test worker] DEBUG org.hibernate.id.IdentifierGeneratorHelper - Natively generated identity: 2
16:16:50.248 [Test worker] DEBUG org.hibernate.resource.jdbc.internal.ResourceRegistryStandardImpl - HHH000387: ResultSet's statement was not registered
16:16:50.248 [Test worker] DEBUG org.hibernate.engine.spi.ActionQueue - Executing identity-insert immediately
16:16:50.248 [Test worker] DEBUG org.hibernate.SQL - insert into movie (id, number_of_reservations, title) values (null, ?, ?)
16:16:50.248 [Test worker] DEBUG org.hibernate.id.IdentifierGeneratorHelper - Natively generated identity: 4
16:16:50.248 [Test worker] DEBUG org.hibernate.resource.jdbc.internal.ResourceRegistryStandardImpl - HHH000387: ResultSet's statement was not registered
16:16:50.248 [Test worker] DEBUG org.hibernate.engine.spi.ActionQueue - Executing identity-insert immediately
16:16:50.248 [Test worker] DEBUG org.hibernate.SQL - insert into reservation (id, customer_id, movie_id) values (null, ?, ?)
16:16:50.248 [Test worker] DEBUG org.hibernate.id.IdentifierGeneratorHelper - Natively generated identity: 3
16:16:50.248 [Test worker] DEBUG org.hibernate.resource.jdbc.internal.ResourceRegistryStandardImpl - HHH000387: ResultSet's statement was not registered
16:16:50.248 [Test worker] DEBUG org.springframework.orm.jpa.JpaTransactionManager - Found thread-bound EntityManager [org.hibernate.jpa.internal.EntityManagerImpl@6ac061a8] for JPA transaction
16:16:50.248 [Test worker] DEBUG org.springframework.orm.jpa.JpaTransactionManager - Participating in existing transaction
16:16:50.248 [Test worker] DEBUG org.hibernate.engine.spi.ActionQueue - Executing identity-insert immediately
16:16:50.248 [Test worker] DEBUG org.hibernate.SQL - insert into customer (id, email, name) values (null, ?, ?)
16:16:50.248 [Test worker] DEBUG org.hibernate.id.IdentifierGeneratorHelper - Natively generated identity: 4
16:16:50.248 [Test worker] DEBUG org.hibernate.resource.jdbc.internal.ResourceRegistryStandardImpl - HHH000387: ResultSet's statement was not registered
16:16:50.248 [Test worker] DEBUG org.hibernate.engine.spi.ActionQueue - Executing identity-insert immediately
16:16:50.248 [Test worker] DEBUG org.hibernate.SQL - insert into reservation (id, customer_id, movie_id) values (null, ?, ?)
16:16:50.248 [Test worker] DEBUG org.hibernate.id.IdentifierGeneratorHelper - Natively generated identity: 4
16:16:50.248 [Test worker] DEBUG org.hibernate.resource.jdbc.internal.ResourceRegistryStandardImpl - HHH000387: ResultSet's statement was not registered
16:16:50.248 [Test worker] DEBUG org.springframework.orm.jpa.JpaTransactionManager - Found thread-bound EntityManager [org.hibernate.jpa.internal.EntityManagerImpl@6ac061a8] for JPA transaction
16:16:50.248 [Test worker] DEBUG org.springframework.orm.jpa.JpaTransactionManager - Participating in existing transaction
16:16:50.248 [Test worker] DEBUG org.hibernate.engine.spi.ActionQueue - Executing identity-insert immediately
16:16:50.248 [Test worker] DEBUG org.hibernate.SQL - insert into customer (id, email, name) values (null, ?, ?)
16:16:50.248 [Test worker] DEBUG org.hibernate.id.IdentifierGeneratorHelper - Natively generated identity: 5
16:16:50.248 [Test worker] DEBUG org.hibernate.resource.jdbc.internal.ResourceRegistryStandardImpl - HHH000387: ResultSet's statement was not registered
16:16:50.264 [Test worker] DEBUG org.hibernate.engine.spi.ActionQueue - Executing identity-insert immediately
16:16:50.264 [Test worker] DEBUG org.hibernate.SQL - insert into movie (id, number_of_reservations, title) values (null, ?, ?)
16:16:50.264 [Test worker] DEBUG org.hibernate.id.IdentifierGeneratorHelper - Natively generated identity: 5
16:16:50.264 [Test worker] DEBUG org.hibernate.resource.jdbc.internal.ResourceRegistryStandardImpl - HHH000387: ResultSet's statement was not registered
16:16:50.264 [Test worker] DEBUG org.hibernate.engine.spi.ActionQueue - Executing identity-insert immediately
16:16:50.264 [Test worker] DEBUG org.hibernate.SQL - insert into reservation (id, customer_id, movie_id) values (null, ?, ?)
16:16:50.264 [Test worker] DEBUG org.hibernate.id.IdentifierGeneratorHelper - Natively generated identity: 5
16:16:50.264 [Test worker] DEBUG org.hibernate.resource.jdbc.internal.ResourceRegistryStandardImpl - HHH000387: ResultSet's statement was not registered
16:16:50.264 [Test worker] DEBUG org.springframework.orm.jpa.JpaTransactionManager - Found thread-bound EntityManager [org.hibernate.jpa.internal.EntityManagerImpl@6ac061a8] for JPA transaction
16:16:50.264 [Test worker] DEBUG org.springframework.orm.jpa.JpaTransactionManager - Participating in existing transaction
16:16:50.264 [Test worker] DEBUG org.hibernate.jpa.criteria.CriteriaQueryImpl - Rendered criteria query -> select generatedAlias0 from Customer as generatedAlias0
16:16:50.264 [Test worker] DEBUG org.hibernate.event.internal.AbstractFlushingEventListener - Processing flush-time cascades
16:16:50.264 [Test worker] DEBUG org.hibernate.event.internal.AbstractFlushingEventListener - Dirty checking collections
16:16:50.264 [Test worker] DEBUG org.hibernate.engine.internal.Collections - Collection found: [se1app.applicationcore.customercomponent.Customer.reservations#3], was: [<unreferenced>] (initialized)
16:16:50.264 [Test worker] DEBUG org.hibernate.engine.internal.Collections - Collection found: [se1app.applicationcore.customercomponent.Customer.reservations#4], was: [<unreferenced>] (initialized)
16:16:50.264 [Test worker] DEBUG org.hibernate.engine.internal.Collections - Collection found: [se1app.applicationcore.customercomponent.Customer.reservations#5], was: [<unreferenced>] (initialized)
16:16:50.264 [Test worker] DEBUG org.hibernate.event.internal.AbstractFlushingEventListener - Flushed: 0 insertions, 0 updates, 0 deletions to 10 objects
16:16:50.264 [Test worker] DEBUG org.hibernate.event.internal.AbstractFlushingEventListener - Flushed: 3 (re)creations, 0 updates, 0 removals to 3 collections
16:16:50.264 [Test worker] DEBUG org.hibernate.internal.util.EntityPrinter - Listing entities:
16:16:50.264 [Test worker] DEBUG org.hibernate.internal.util.EntityPrinter - se1app.applicationcore.customercomponent.Reservation{movie=se1app.applicationcore.moviecomponent.Movie#3, id=2, customer=se1app.applicationcore.customercomponent.Customer#3}
16:16:50.264 [Test worker] DEBUG org.hibernate.internal.util.EntityPrinter - se1app.applicationcore.customercomponent.Customer{reservations=[se1app.applicationcore.customercomponent.Reservation#2, se1app.applicationcore.customercomponent.Reservation#3], name=Stefan, id=3, email=se1app.applicationcore.util.EmailType@1670a126}
16:16:50.264 [Test worker] DEBUG org.hibernate.internal.util.EntityPrinter - se1app.applicationcore.moviecomponent.Movie{numberOfReservations=0, id=3, title=Spectre}
16:16:50.264 [Test worker] DEBUG org.hibernate.internal.util.EntityPrinter - se1app.applicationcore.customercomponent.Reservation{movie=se1app.applicationcore.moviecomponent.Movie#4, id=3, customer=se1app.applicationcore.customercomponent.Customer#3}
16:16:50.264 [Test worker] DEBUG org.hibernate.internal.util.EntityPrinter - se1app.applicationcore.moviecomponent.Movie{numberOfReservations=0, id=4, title=Goldfinger}
16:16:50.264 [Test worker] DEBUG org.hibernate.internal.util.EntityPrinter - se1app.applicationcore.customercomponent.Customer{reservations=[se1app.applicationcore.customercomponent.Reservation#4], name=Ina, id=4, email=null}
16:16:50.264 [Test worker] DEBUG org.hibernate.internal.util.EntityPrinter - se1app.applicationcore.customercomponent.Reservation{movie=se1app.applicationcore.moviecomponent.Movie#3, id=4, customer=se1app.applicationcore.customercomponent.Customer#4}
16:16:50.264 [Test worker] DEBUG org.hibernate.internal.util.EntityPrinter - se1app.applicationcore.customercomponent.Customer{reservations=[se1app.applicationcore.customercomponent.Reservation#5], name=Michael, id=5, email=null}
16:16:50.264 [Test worker] DEBUG org.hibernate.internal.util.EntityPrinter - se1app.applicationcore.moviecomponent.Movie{numberOfReservations=0, id=5, title=Minions}
16:16:50.264 [Test worker] DEBUG org.hibernate.internal.util.EntityPrinter - se1app.applicationcore.customercomponent.Reservation{movie=se1app.applicationcore.moviecomponent.Movie#5, id=5, customer=se1app.applicationcore.customercomponent.Customer#5}
16:16:50.264 [Test worker] DEBUG org.hibernate.SQL - select customer0_.id as id1_2_, customer0_.email as email2_2_, customer0_.name as name3_2_ from customer customer0_
16:16:50.264 [Test worker] DEBUG org.hibernate.loader.Loader - Result set row: 0
16:16:50.264 [Test worker] DEBUG org.hibernate.loader.Loader - Result row: EntityKey[se1app.applicationcore.customercomponent.Customer#3]
16:16:50.264 [Test worker] DEBUG org.hibernate.loader.Loader - Result set row: 1
16:16:50.264 [Test worker] DEBUG org.hibernate.loader.Loader - Result row: EntityKey[se1app.applicationcore.customercomponent.Customer#4]
16:16:50.264 [Test worker] DEBUG org.hibernate.loader.Loader - Result set row: 2
16:16:50.264 [Test worker] DEBUG org.hibernate.loader.Loader - Result row: EntityKey[se1app.applicationcore.customercomponent.Customer#5]
16:16:50.264 [Test worker] DEBUG org.springframework.test.context.cache.DefaultCacheAwareContextLoaderDelegate - Retrieved ApplicationContext from cache with key [[MergedContextConfiguration@493a6941 testClass = CustomerRepositoryTest, locations = '{}', classes = '{class se1app.applicationcore.Application}', contextInitializerClasses = '[]', activeProfiles = '{test}', propertySourceLocations = '{}', propertySourceProperties = '{}', contextCustomizers = set[org.springframework.boot.test.context.filter.ExcludeFilterContextCustomizer@7025e8d4, org.springframework.boot.test.json.DuplicateJsonObjectContextCustomizerFactory$DuplicateJsonObjectContextCustomizer@108f7ba3, org.springframework.boot.test.mock.mockito.MockitoContextCustomizer@0, org.springframework.boot.test.autoconfigure.properties.PropertyMappingContextCustomizer@0, org.springframework.boot.test.autoconfigure.web.servlet.WebDriverContextCustomizerFactory$Customizer@7978f217], contextLoader = 'org.springframework.test.context.support.DelegatingSmartContextLoader', parent = [null]]]
16:16:50.264 [Test worker] DEBUG org.springframework.test.context.cache - Spring test ApplicationContext cache statistics: [DefaultContextCache@51ac02c size = 2, maxSize = 32, parentContextCount = 0, hitCount = 62, missCount = 2]
16:16:50.264 [Test worker] DEBUG org.springframework.test.context.cache.DefaultCacheAwareContextLoaderDelegate - Retrieved ApplicationContext from cache with key [[MergedContextConfiguration@493a6941 testClass = CustomerRepositoryTest, locations = '{}', classes = '{class se1app.applicationcore.Application}', contextInitializerClasses = '[]', activeProfiles = '{test}', propertySourceLocations = '{}', propertySourceProperties = '{}', contextCustomizers = set[org.springframework.boot.test.context.filter.ExcludeFilterContextCustomizer@7025e8d4, org.springframework.boot.test.json.DuplicateJsonObjectContextCustomizerFactory$DuplicateJsonObjectContextCustomizer@108f7ba3, org.springframework.boot.test.mock.mockito.MockitoContextCustomizer@0, org.springframework.boot.test.autoconfigure.properties.PropertyMappingContextCustomizer@0, org.springframework.boot.test.autoconfigure.web.servlet.WebDriverContextCustomizerFactory$Customizer@7978f217], contextLoader = 'org.springframework.test.context.support.DelegatingSmartContextLoader', parent = [null]]]
16:16:50.264 [Test worker] DEBUG org.springframework.test.context.cache - Spring test ApplicationContext cache statistics: [DefaultContextCache@51ac02c size = 2, maxSize = 32, parentContextCount = 0, hitCount = 63, missCount = 2]
16:16:50.264 [Test worker] DEBUG org.springframework.test.context.cache.DefaultCacheAwareContextLoaderDelegate - Retrieved ApplicationContext from cache with key [[MergedContextConfiguration@493a6941 testClass = CustomerRepositoryTest, locations = '{}', classes = '{class se1app.applicationcore.Application}', contextInitializerClasses = '[]', activeProfiles = '{test}', propertySourceLocations = '{}', propertySourceProperties = '{}', contextCustomizers = set[org.springframework.boot.test.context.filter.ExcludeFilterContextCustomizer@7025e8d4, org.springframework.boot.test.json.DuplicateJsonObjectContextCustomizerFactory$DuplicateJsonObjectContextCustomizer@108f7ba3, org.springframework.boot.test.mock.mockito.MockitoContextCustomizer@0, org.springframework.boot.test.autoconfigure.properties.PropertyMappingContextCustomizer@0, org.springframework.boot.test.autoconfigure.web.servlet.WebDriverContextCustomizerFactory$Customizer@7978f217], contextLoader = 'org.springframework.test.context.support.DelegatingSmartContextLoader', parent = [null]]]
16:16:50.264 [Test worker] DEBUG org.springframework.test.context.cache - Spring test ApplicationContext cache statistics: [DefaultContextCache@51ac02c size = 2, maxSize = 32, parentContextCount = 0, hitCount = 64, missCount = 2]
16:16:50.264 [Test worker] DEBUG org.springframework.beans.factory.support.DefaultListableBeanFactory - Returning cached instance of singleton bean 'org.springframework.boot.test.mock.mockito.MockitoBeans'
16:16:50.264 [Test worker] DEBUG org.springframework.orm.jpa.JpaTransactionManager - Initiating transaction rollback
16:16:50.264 [Test worker] DEBUG org.springframework.orm.jpa.JpaTransactionManager - Rolling back JPA transaction on EntityManager [org.hibernate.jpa.internal.EntityManagerImpl@6ac061a8]
16:16:50.264 [Test worker] DEBUG org.hibernate.engine.transaction.internal.TransactionImpl - rolling back
16:16:50.264 [Test worker] DEBUG org.springframework.orm.jpa.JpaTransactionManager - Closing JPA EntityManager [org.hibernate.jpa.internal.EntityManagerImpl@6ac061a8] after transaction
16:16:50.264 [Test worker] DEBUG org.springframework.orm.jpa.EntityManagerFactoryUtils - Closing JPA EntityManager
16:16:50.264 [Test worker] INFO org.springframework.test.context.transaction.TransactionContext - Rolled back transaction for test context [DefaultTestContext@6f5f3522 testClass = CustomerRepositoryTest, testInstance = se1app.applicationcore.customercomponent.CustomerRepositoryTest@43dd339e, testMethod = testFindAll@CustomerRepositoryTest, testException = [null], mergedContextConfiguration = [MergedContextConfiguration@493a6941 testClass = CustomerRepositoryTest, locations = '{}', classes = '{class se1app.applicationcore.Application}', contextInitializerClasses = '[]', activeProfiles = '{test}', propertySourceLocations = '{}', propertySourceProperties = '{}', contextCustomizers = set[org.springframework.boot.test.context.filter.ExcludeFilterContextCustomizer@7025e8d4, org.springframework.boot.test.json.DuplicateJsonObjectContextCustomizerFactory$DuplicateJsonObjectContextCustomizer@108f7ba3, org.springframework.boot.test.mock.mockito.MockitoContextCustomizer@0, org.springframework.boot.test.autoconfigure.properties.PropertyMappingContextCustomizer@0, org.springframework.boot.test.autoconfigure.web.servlet.WebDriverContextCustomizerFactory$Customizer@7978f217], contextLoader = 'org.springframework.test.context.support.DelegatingSmartContextLoader', parent = [null]]].
16:16:50.264 [Test worker] DEBUG org.springframework.test.context.support.AbstractDirtiesContextTestExecutionListener - After test method: context [DefaultTestContext@6f5f3522 testClass = CustomerRepositoryTest, testInstance = se1app.applicationcore.customercomponent.CustomerRepositoryTest@43dd339e, testMethod = testFindAll@CustomerRepositoryTest, testException = [null], mergedContextConfiguration = [MergedContextConfiguration@493a6941 testClass = CustomerRepositoryTest, locations = '{}', classes = '{class se1app.applicationcore.Application}', contextInitializerClasses = '[]', activeProfiles = '{test}', propertySourceLocations = '{}', propertySourceProperties = '{}', contextCustomizers = set[org.springframework.boot.test.context.filter.ExcludeFilterContextCustomizer@7025e8d4, org.springframework.boot.test.json.DuplicateJsonObjectContextCustomizerFactory$DuplicateJsonObjectContextCustomizer@108f7ba3, org.springframework.boot.test.mock.mockito.MockitoContextCustomizer@0, org.springframework.boot.test.autoconfigure.properties.PropertyMappingContextCustomizer@0, org.springframework.boot.test.autoconfigure.web.servlet.WebDriverContextCustomizerFactory$Customizer@7978f217], contextLoader = 'org.springframework.test.context.support.DelegatingSmartContextLoader', parent = [null]]], class annotated with @DirtiesContext [false] with mode [null], method annotated with @DirtiesContext [false] with mode [null].
16:16:50.264 [Test worker] DEBUG org.springframework.test.annotation.ProfileValueUtils - Retrieved @ProfileValueSourceConfiguration [null] for test class [se1app.applicationcore.customercomponent.CustomerRepositoryTest]
16:16:50.264 [Test worker] DEBUG org.springframework.test.annotation.ProfileValueUtils - Retrieved ProfileValueSource type [class org.springframework.test.annotation.SystemProfileValueSource] for class [se1app.applicationcore.customercomponent.CustomerRepositoryTest]
16:16:50.264 [Test worker] DEBUG org.springframework.test.context.support.DependencyInjectionTestExecutionListener - Performing dependency injection for test context [[DefaultTestContext@6f5f3522 testClass = CustomerRepositoryTest, testInstance = se1app.applicationcore.customercomponent.CustomerRepositoryTest@37e9474d, testMethod = [null], testException = [null], mergedContextConfiguration = [MergedContextConfiguration@493a6941 testClass = CustomerRepositoryTest, locations = '{}', classes = '{class se1app.applicationcore.Application}', contextInitializerClasses = '[]', activeProfiles = '{test}', propertySourceLocations = '{}', propertySourceProperties = '{}', contextCustomizers = set[org.springframework.boot.test.context.filter.ExcludeFilterContextCustomizer@7025e8d4, org.springframework.boot.test.json.DuplicateJsonObjectContextCustomizerFactory$DuplicateJsonObjectContextCustomizer@108f7ba3, org.springframework.boot.test.mock.mockito.MockitoContextCustomizer@0, org.springframework.boot.test.autoconfigure.properties.PropertyMappingContextCustomizer@0, org.springframework.boot.test.autoconfigure.web.servlet.WebDriverContextCustomizerFactory$Customizer@7978f217], contextLoader = 'org.springframework.test.context.support.DelegatingSmartContextLoader', parent = [null]]]].
16:16:50.264 [Test worker] DEBUG org.springframework.test.context.cache.DefaultCacheAwareContextLoaderDelegate - Retrieved ApplicationContext from cache with key [[MergedContextConfiguration@493a6941 testClass = CustomerRepositoryTest, locations = '{}', classes = '{class se1app.applicationcore.Application}', contextInitializerClasses = '[]', activeProfiles = '{test}', propertySourceLocations = '{}', propertySourceProperties = '{}', contextCustomizers = set[org.springframework.boot.test.context.filter.ExcludeFilterContextCustomizer@7025e8d4, org.springframework.boot.test.json.DuplicateJsonObjectContextCustomizerFactory$DuplicateJsonObjectContextCustomizer@108f7ba3, org.springframework.boot.test.mock.mockito.MockitoContextCustomizer@0, org.springframework.boot.test.autoconfigure.properties.PropertyMappingContextCustomizer@0, org.springframework.boot.test.autoconfigure.web.servlet.WebDriverContextCustomizerFactory$Customizer@7978f217], contextLoader = 'org.springframework.test.context.support.DelegatingSmartContextLoader', parent = [null]]]
16:16:50.264 [Test worker] DEBUG org.springframework.test.context.cache - Spring test ApplicationContext cache statistics: [DefaultContextCache@51ac02c size = 2, maxSize = 32, parentContextCount = 0, hitCount = 65, missCount = 2]
16:16:50.264 [Test worker] DEBUG org.springframework.beans.factory.annotation.InjectionMetadata - Processing injected element of bean 'se1app.applicationcore.customercomponent.CustomerRepositoryTest': AutowiredFieldElement for private se1app.applicationcore.customercomponent.CustomerRepository se1app.applicationcore.customercomponent.CustomerRepositoryTest.customerRepository
16:16:50.264 [Test worker] DEBUG org.springframework.beans.factory.support.DefaultListableBeanFactory - Returning cached instance of singleton bean 'customerRepository'
16:16:50.280 [Test worker] DEBUG org.springframework.beans.factory.support.DefaultListableBeanFactory - Returning cached instance of singleton bean 'org.springframework.transaction.config.internalTransactionAdvisor'
16:16:50.280 [Test worker] DEBUG org.springframework.beans.factory.support.DefaultListableBeanFactory - Returning cached instance of singleton bean 'org.springframework.transaction.config.internalTransactionAdvisor'
16:16:50.280 [Test worker] DEBUG org.springframework.aop.aspectj.annotation.AnnotationAwareAspectJAutoProxyCreator - Creating implicit proxy for bean 'se1app.applicationcore.customercomponent.CustomerRepositoryTest' with 0 common interceptors and 1 specific interceptors
16:16:50.280 [Test worker] DEBUG org.springframework.aop.framework.CglibAopProxy - Creating CGLIB proxy: target source is SingletonTargetSource for target object [se1app.applicationcore.customercomponent.CustomerRepositoryTest@37e9474d]
16:16:50.280 [Test worker] DEBUG org.springframework.test.context.support.AbstractDirtiesContextTestExecutionListener - Before test method: context [DefaultTestContext@6f5f3522 testClass = CustomerRepositoryTest, testInstance = se1app.applicationcore.customercomponent.CustomerRepositoryTest@37e9474d, testMethod = testFindByName@CustomerRepositoryTest, testException = [null], mergedContextConfiguration = [MergedContextConfiguration@493a6941 testClass = CustomerRepositoryTest, locations = '{}', classes = '{class se1app.applicationcore.Application}', contextInitializerClasses = '[]', activeProfiles = '{test}', propertySourceLocations = '{}', propertySourceProperties = '{}', contextCustomizers = set[org.springframework.boot.test.context.filter.ExcludeFilterContextCustomizer@7025e8d4, org.springframework.boot.test.json.DuplicateJsonObjectContextCustomizerFactory$DuplicateJsonObjectContextCustomizer@108f7ba3, org.springframework.boot.test.mock.mockito.MockitoContextCustomizer@0, org.springframework.boot.test.autoconfigure.properties.PropertyMappingContextCustomizer@0, org.springframework.boot.test.autoconfigure.web.servlet.WebDriverContextCustomizerFactory$Customizer@7978f217], contextLoader = 'org.springframework.test.context.support.DelegatingSmartContextLoader', parent = [null]]], class annotated with @DirtiesContext [false] with mode [null], method annotated with @DirtiesContext [false] with mode [null].
16:16:50.280 [Test worker] DEBUG org.springframework.transaction.annotation.AnnotationTransactionAttributeSource - Adding transactional method 'se1app.applicationcore.customercomponent.CustomerRepositoryTest.testFindByName' with attribute: PROPAGATION_REQUIRED,ISOLATION_DEFAULT; ''
16:16:50.280 [Test worker] DEBUG org.springframework.test.context.transaction.TransactionalTestExecutionListener - Explicit transaction definition [PROPAGATION_REQUIRED,ISOLATION_DEFAULT; ''] found for test context [DefaultTestContext@6f5f3522 testClass = CustomerRepositoryTest, testInstance = se1app.applicationcore.customercomponent.CustomerRepositoryTest@37e9474d, testMethod = testFindByName@CustomerRepositoryTest, testException = [null], mergedContextConfiguration = [MergedContextConfiguration@493a6941 testClass = CustomerRepositoryTest, locations = '{}', classes = '{class se1app.applicationcore.Application}', contextInitializerClasses = '[]', activeProfiles = '{test}', propertySourceLocations = '{}', propertySourceProperties = '{}', contextCustomizers = set[org.springframework.boot.test.context.filter.ExcludeFilterContextCustomizer@7025e8d4, org.springframework.boot.test.json.DuplicateJsonObjectContextCustomizerFactory$DuplicateJsonObjectContextCustomizer@108f7ba3, org.springframework.boot.test.mock.mockito.MockitoContextCustomizer@0, org.springframework.boot.test.autoconfigure.properties.PropertyMappingContextCustomizer@0, org.springframework.boot.test.autoconfigure.web.servlet.WebDriverContextCustomizerFactory$Customizer@7978f217], contextLoader = 'org.springframework.test.context.support.DelegatingSmartContextLoader', parent = [null]]]
16:16:50.280 [Test worker] DEBUG org.springframework.test.context.cache.DefaultCacheAwareContextLoaderDelegate - Retrieved ApplicationContext from cache with key [[MergedContextConfiguration@493a6941 testClass = CustomerRepositoryTest, locations = '{}', classes = '{class se1app.applicationcore.Application}', contextInitializerClasses = '[]', activeProfiles = '{test}', propertySourceLocations = '{}', propertySourceProperties = '{}', contextCustomizers = set[org.springframework.boot.test.context.filter.ExcludeFilterContextCustomizer@7025e8d4, org.springframework.boot.test.json.DuplicateJsonObjectContextCustomizerFactory$DuplicateJsonObjectContextCustomizer@108f7ba3, org.springframework.boot.test.mock.mockito.MockitoContextCustomizer@0, org.springframework.boot.test.autoconfigure.properties.PropertyMappingContextCustomizer@0, org.springframework.boot.test.autoconfigure.web.servlet.WebDriverContextCustomizerFactory$Customizer@7978f217], contextLoader = 'org.springframework.test.context.support.DelegatingSmartContextLoader', parent = [null]]]
16:16:50.280 [Test worker] DEBUG org.springframework.test.context.cache - Spring test ApplicationContext cache statistics: [DefaultContextCache@51ac02c size = 2, maxSize = 32, parentContextCount = 0, hitCount = 66, missCount = 2]
16:16:50.280 [Test worker] DEBUG org.springframework.beans.factory.support.DefaultListableBeanFactory - Returning cached instance of singleton bean 'transactionManager'
16:16:50.280 [Test worker] DEBUG org.springframework.test.context.transaction.TransactionalTestExecutionListener - No method-level @Rollback override: using default rollback [true] for test context [DefaultTestContext@6f5f3522 testClass = CustomerRepositoryTest, testInstance = se1app.applicationcore.customercomponent.CustomerRepositoryTest@37e9474d, testMethod = testFindByName@CustomerRepositoryTest, testException = [null], mergedContextConfiguration = [MergedContextConfiguration@493a6941 testClass = CustomerRepositoryTest, locations = '{}', classes = '{class se1app.applicationcore.Application}', contextInitializerClasses = '[]', activeProfiles = '{test}', propertySourceLocations = '{}', propertySourceProperties = '{}', contextCustomizers = set[org.springframework.boot.test.context.filter.ExcludeFilterContextCustomizer@7025e8d4, org.springframework.boot.test.json.DuplicateJsonObjectContextCustomizerFactory$DuplicateJsonObjectContextCustomizer@108f7ba3, org.springframework.boot.test.mock.mockito.MockitoContextCustomizer@0, org.springframework.boot.test.autoconfigure.properties.PropertyMappingContextCustomizer@0, org.springframework.boot.test.autoconfigure.web.servlet.WebDriverContextCustomizerFactory$Customizer@7978f217], contextLoader = 'org.springframework.test.context.support.DelegatingSmartContextLoader', parent = [null]]].
16:16:50.280 [Test worker] DEBUG org.springframework.orm.jpa.JpaTransactionManager - Creating new transaction with name [se1app.applicationcore.customercomponent.CustomerRepositoryTest.testFindByName]: PROPAGATION_REQUIRED,ISOLATION_DEFAULT; ''
16:16:50.280 [Test worker] DEBUG org.springframework.orm.jpa.JpaTransactionManager - Opened new EntityManager [org.hibernate.jpa.internal.EntityManagerImpl@49e38e06] for JPA transaction
16:16:50.280 [Test worker] DEBUG org.hibernate.engine.transaction.internal.TransactionImpl - begin
16:16:50.280 [Test worker] DEBUG org.springframework.orm.jpa.JpaTransactionManager - Exposing JPA transaction as JDBC transaction [org.springframework.orm.jpa.vendor.HibernateJpaDialect$HibernateConnectionHandle@2701f78f]
16:16:50.280 [Test worker] INFO org.springframework.test.context.transaction.TransactionContext - Began transaction (1) for test context [DefaultTestContext@6f5f3522 testClass = CustomerRepositoryTest, testInstance = se1app.applicationcore.customercomponent.CustomerRepositoryTest@37e9474d, testMethod = testFindByName@CustomerRepositoryTest, testException = [null], mergedContextConfiguration = [MergedContextConfiguration@493a6941 testClass = CustomerRepositoryTest, locations = '{}', classes = '{class se1app.applicationcore.Application}', contextInitializerClasses = '[]', activeProfiles = '{test}', propertySourceLocations = '{}', propertySourceProperties = '{}', contextCustomizers = set[org.springframework.boot.test.context.filter.ExcludeFilterContextCustomizer@7025e8d4, org.springframework.boot.test.json.DuplicateJsonObjectContextCustomizerFactory$DuplicateJsonObjectContextCustomizer@108f7ba3, org.springframework.boot.test.mock.mockito.MockitoContextCustomizer@0, org.springframework.boot.test.autoconfigure.properties.PropertyMappingContextCustomizer@0, org.springframework.boot.test.autoconfigure.web.servlet.WebDriverContextCustomizerFactory$Customizer@7978f217], contextLoader = 'org.springframework.test.context.support.DelegatingSmartContextLoader', parent = [null]]]; transaction manager [org.springframework.orm.jpa.JpaTransactionManager@45a9deb7]; rollback [true]
16:16:50.280 [Test worker] DEBUG org.springframework.test.context.cache.DefaultCacheAwareContextLoaderDelegate - Retrieved ApplicationContext from cache with key [[MergedContextConfiguration@493a6941 testClass = CustomerRepositoryTest, locations = '{}', classes = '{class se1app.applicationcore.Application}', contextInitializerClasses = '[]', activeProfiles = '{test}', propertySourceLocations = '{}', propertySourceProperties = '{}', contextCustomizers = set[org.springframework.boot.test.context.filter.ExcludeFilterContextCustomizer@7025e8d4, org.springframework.boot.test.json.DuplicateJsonObjectContextCustomizerFactory$DuplicateJsonObjectContextCustomizer@108f7ba3, org.springframework.boot.test.mock.mockito.MockitoContextCustomizer@0, org.springframework.boot.test.autoconfigure.properties.PropertyMappingContextCustomizer@0, org.springframework.boot.test.autoconfigure.web.servlet.WebDriverContextCustomizerFactory$Customizer@7978f217], contextLoader = 'org.springframework.test.context.support.DelegatingSmartContextLoader', parent = [null]]]
16:16:50.280 [Test worker] DEBUG org.springframework.test.context.cache - Spring test ApplicationContext cache statistics: [DefaultContextCache@51ac02c size = 2, maxSize = 32, parentContextCount = 0, hitCount = 67, missCount = 2]
16:16:50.280 [Test worker] DEBUG org.springframework.beans.factory.support.DefaultListableBeanFactory - Returning cached instance of singleton bean 'org.springframework.boot.test.mock.mockito.MockitoBeans'
16:16:50.280 [Test worker] DEBUG org.springframework.orm.jpa.JpaTransactionManager - Found thread-bound EntityManager [org.hibernate.jpa.internal.EntityManagerImpl@49e38e06] for JPA transaction
16:16:50.280 [Test worker] DEBUG org.springframework.orm.jpa.JpaTransactionManager - Participating in existing transaction
16:16:50.280 [Test worker] DEBUG org.hibernate.engine.spi.ActionQueue - Executing identity-insert immediately
16:16:50.280 [Test worker] DEBUG org.hibernate.SQL - insert into customer (id, email, name) values (null, ?, ?)
16:16:50.280 [Test worker] DEBUG org.hibernate.id.IdentifierGeneratorHelper - Natively generated identity: 6
16:16:50.280 [Test worker] DEBUG org.hibernate.resource.jdbc.internal.ResourceRegistryStandardImpl - HHH000387: ResultSet's statement was not registered
16:16:50.280 [Test worker] DEBUG org.hibernate.engine.spi.ActionQueue - Executing identity-insert immediately
16:16:50.280 [Test worker] DEBUG org.hibernate.SQL - insert into movie (id, number_of_reservations, title) values (null, ?, ?)
16:16:50.280 [Test worker] DEBUG org.hibernate.id.IdentifierGeneratorHelper - Natively generated identity: 6
16:16:50.280 [Test worker] DEBUG org.hibernate.resource.jdbc.internal.ResourceRegistryStandardImpl - HHH000387: ResultSet's statement was not registered
16:16:50.280 [Test worker] DEBUG org.hibernate.engine.spi.ActionQueue - Executing identity-insert immediately
16:16:50.280 [Test worker] DEBUG org.hibernate.SQL - insert into reservation (id, customer_id, movie_id) values (null, ?, ?)
16:16:50.280 [Test worker] DEBUG org.hibernate.id.IdentifierGeneratorHelper - Natively generated identity: 6
16:16:50.280 [Test worker] DEBUG org.hibernate.resource.jdbc.internal.ResourceRegistryStandardImpl - HHH000387: ResultSet's statement was not registered
16:16:50.280 [Test worker] DEBUG org.hibernate.engine.spi.ActionQueue - Executing identity-insert immediately
16:16:50.280 [Test worker] DEBUG org.hibernate.SQL - insert into movie (id, number_of_reservations, title) values (null, ?, ?)
16:16:50.280 [Test worker] DEBUG org.hibernate.id.IdentifierGeneratorHelper - Natively generated identity: 7
16:16:50.280 [Test worker] DEBUG org.hibernate.resource.jdbc.internal.ResourceRegistryStandardImpl - HHH000387: ResultSet's statement was not registered
16:16:50.280 [Test worker] DEBUG org.hibernate.engine.spi.ActionQueue - Executing identity-insert immediately
16:16:50.280 [Test worker] DEBUG org.hibernate.SQL - insert into reservation (id, customer_id, movie_id) values (null, ?, ?)
16:16:50.280 [Test worker] DEBUG org.hibernate.id.IdentifierGeneratorHelper - Natively generated identity: 7
16:16:50.280 [Test worker] DEBUG org.hibernate.resource.jdbc.internal.ResourceRegistryStandardImpl - HHH000387: ResultSet's statement was not registered
16:16:50.280 [Test worker] DEBUG org.springframework.orm.jpa.JpaTransactionManager - Found thread-bound EntityManager [org.hibernate.jpa.internal.EntityManagerImpl@49e38e06] for JPA transaction
16:16:50.280 [Test worker] DEBUG org.springframework.orm.jpa.JpaTransactionManager - Participating in existing transaction
16:16:50.280 [Test worker] DEBUG org.hibernate.engine.spi.ActionQueue - Executing identity-insert immediately
16:16:50.280 [Test worker] DEBUG org.hibernate.SQL - insert into customer (id, email, name) values (null, ?, ?)
16:16:50.280 [Test worker] DEBUG org.hibernate.id.IdentifierGeneratorHelper - Natively generated identity: 7
16:16:50.280 [Test worker] DEBUG org.hibernate.resource.jdbc.internal.ResourceRegistryStandardImpl - HHH000387: ResultSet's statement was not registered
16:16:50.280 [Test worker] DEBUG org.hibernate.engine.spi.ActionQueue - Executing identity-insert immediately
16:16:50.280 [Test worker] DEBUG org.hibernate.SQL - insert into reservation (id, customer_id, movie_id) values (null, ?, ?)
16:16:50.280 [Test worker] DEBUG org.hibernate.id.IdentifierGeneratorHelper - Natively generated identity: 8
16:16:50.280 [Test worker] DEBUG org.hibernate.resource.jdbc.internal.ResourceRegistryStandardImpl - HHH000387: ResultSet's statement was not registered
16:16:50.280 [Test worker] DEBUG org.springframework.orm.jpa.JpaTransactionManager - Found thread-bound EntityManager [org.hibernate.jpa.internal.EntityManagerImpl@49e38e06] for JPA transaction
16:16:50.280 [Test worker] DEBUG org.springframework.orm.jpa.JpaTransactionManager - Participating in existing transaction
16:16:50.280 [Test worker] DEBUG org.hibernate.engine.spi.ActionQueue - Executing identity-insert immediately
16:16:50.280 [Test worker] DEBUG org.hibernate.SQL - insert into customer (id, email, name) values (null, ?, ?)
16:16:50.295 [Test worker] DEBUG org.hibernate.id.IdentifierGeneratorHelper - Natively generated identity: 8
16:16:50.295 [Test worker] DEBUG org.hibernate.resource.jdbc.internal.ResourceRegistryStandardImpl - HHH000387: ResultSet's statement was not registered
16:16:50.295 [Test worker] DEBUG org.hibernate.engine.spi.ActionQueue - Executing identity-insert immediately
16:16:50.295 [Test worker] DEBUG org.hibernate.SQL - insert into movie (id, number_of_reservations, title) values (null, ?, ?)
16:16:50.295 [Test worker] DEBUG org.hibernate.id.IdentifierGeneratorHelper - Natively generated identity: 8
16:16:50.295 [Test worker] DEBUG org.hibernate.resource.jdbc.internal.ResourceRegistryStandardImpl - HHH000387: ResultSet's statement was not registered
16:16:50.295 [Test worker] DEBUG org.hibernate.engine.spi.ActionQueue - Executing identity-insert immediately
16:16:50.295 [Test worker] DEBUG org.hibernate.SQL - insert into reservation (id, customer_id, movie_id) values (null, ?, ?)
16:16:50.295 [Test worker] DEBUG org.hibernate.id.IdentifierGeneratorHelper - Natively generated identity: 9
16:16:50.295 [Test worker] DEBUG org.hibernate.resource.jdbc.internal.ResourceRegistryStandardImpl - HHH000387: ResultSet's statement was not registered
16:16:50.295 [Test worker] DEBUG org.hibernate.jpa.criteria.CriteriaQueryImpl - Rendered criteria query -> select generatedAlias0 from Customer as generatedAlias0 where generatedAlias0.name=:param0
16:16:50.295 [Test worker] DEBUG org.hibernate.hql.internal.ast.QueryTranslatorImpl - parse() - HQL: select generatedAlias0 from se1app.applicationcore.customercomponent.Customer as generatedAlias0 where generatedAlias0.name=:param0
16:16:50.295 [Test worker] DEBUG org.hibernate.hql.internal.ast.QueryTranslatorImpl - --- HQL AST ---
 \-[QUERY] Node: 'query'
    +-[SELECT_FROM] Node: 'SELECT_FROM'
    |  +-[FROM] Node: 'from'
    |  |  \-[RANGE] Node: 'RANGE'
    |  |     +-[DOT] Node: '.'
    |  |     |  +-[DOT] Node: '.'
    |  |     |  |  +-[DOT] Node: '.'
    |  |     |  |  |  +-[IDENT] Node: 'se1app'
    |  |     |  |  |  \-[IDENT] Node: 'applicationcore'
    |  |     |  |  \-[IDENT] Node: 'customercomponent'
    |  |     |  \-[IDENT] Node: 'Customer'
    |  |     \-[ALIAS] Node: 'generatedAlias0'
    |  \-[SELECT] Node: 'select'
    |     \-[IDENT] Node: 'generatedAlias0'
    \-[WHERE] Node: 'where'
       \-[EQ] Node: '='
          +-[DOT] Node: '.'
          |  +-[IDENT] Node: 'generatedAlias0'
          |  \-[IDENT] Node: 'name'
          \-[COLON] Node: ':'
             \-[IDENT] Node: 'param0'

16:16:50.295 [Test worker] DEBUG org.hibernate.hql.internal.ast.ErrorCounter - throwQueryException() : no errors
16:16:50.295 [Test worker] DEBUG org.hibernate.hql.internal.antlr.HqlSqlBaseWalker - select << begin [level=1, statement=select]
16:16:50.295 [Test worker] DEBUG org.hibernate.hql.internal.ast.tree.FromElement - FromClause{level=1} : se1app.applicationcore.customercomponent.Customer (generatedAlias0) -> customer0_
16:16:50.295 [Test worker] DEBUG org.hibernate.hql.internal.ast.tree.FromReferenceNode - Resolved : generatedAlias0 -> customer0_.id
16:16:50.295 [Test worker] DEBUG org.hibernate.hql.internal.ast.tree.FromReferenceNode - Resolved : generatedAlias0 -> customer0_.id
16:16:50.295 [Test worker] DEBUG org.hibernate.hql.internal.ast.tree.DotNode - getDataType() : name -> org.hibernate.type.StringType@1966cff9
16:16:50.295 [Test worker] DEBUG org.hibernate.hql.internal.ast.tree.FromReferenceNode - Resolved : generatedAlias0.name -> customer0_.name
16:16:50.295 [Test worker] DEBUG org.hibernate.hql.internal.antlr.HqlSqlBaseWalker - select : finishing up [level=1, statement=select]
16:16:50.295 [Test worker] DEBUG org.hibernate.hql.internal.ast.HqlSqlWalker - processQuery() :  ( SELECT ( {select clause} customer0_.id ) ( FromClause{level=1} customer customer0_ ) ( where ( = ( customer0_.name customer0_.id name ) ? ) ) )
16:16:50.295 [Test worker] DEBUG org.hibernate.hql.internal.ast.util.JoinProcessor - Using FROM fragment [customer customer0_]
16:16:50.295 [Test worker] DEBUG org.hibernate.hql.internal.antlr.HqlSqlBaseWalker - select >> end [level=1, statement=select]
16:16:50.295 [Test worker] DEBUG org.hibernate.hql.internal.ast.QueryTranslatorImpl - --- SQL AST ---
 \-[SELECT] QueryNode: 'SELECT'  querySpaces (customer)
    +-[SELECT_CLAUSE] SelectClause: '{select clause}'
    |  +-[ALIAS_REF] IdentNode: 'customer0_.id as id1_2_' {alias=generatedAlias0, className=se1app.applicationcore.customercomponent.Customer, tableAlias=customer0_}
    |  \-[SQL_TOKEN] SqlFragment: 'customer0_.email as email2_2_, customer0_.name as name3_2_'
    +-[FROM] FromClause: 'from' FromClause{level=1, fromElementCounter=1, fromElements=1, fromElementByClassAlias=[generatedAlias0], fromElementByTableAlias=[customer0_], fromElementsByPath=[], collectionJoinFromElementsByPath=[], impliedElements=[]}
    |  \-[FROM_FRAGMENT] FromElement: 'customer customer0_' FromElement{explicit,not a collection join,not a fetch join,fetch non-lazy properties,classAlias=generatedAlias0,role=null,tableName=customer,tableAlias=customer0_,origin=null,columns={,className=se1app.applicationcore.customercomponent.Customer}}
    \-[WHERE] SqlNode: 'where'
       \-[EQ] BinaryLogicOperatorNode: '='
          +-[DOT] DotNode: 'customer0_.name' {propertyName=name,dereferenceType=PRIMITIVE,getPropertyPath=name,path=generatedAlias0.name,tableAlias=customer0_,className=se1app.applicationcore.customercomponent.Customer,classAlias=generatedAlias0}
          |  +-[ALIAS_REF] IdentNode: 'customer0_.id' {alias=generatedAlias0, className=se1app.applicationcore.customercomponent.Customer, tableAlias=customer0_}
          |  \-[IDENT] IdentNode: 'name' {originalText=name}
          \-[NAMED_PARAM] ParameterNode: '?' {name=param0, expectedType=org.hibernate.type.StringType@1966cff9}

16:16:50.295 [Test worker] DEBUG org.hibernate.hql.internal.ast.ErrorCounter - throwQueryException() : no errors
16:16:50.295 [Test worker] DEBUG org.hibernate.hql.internal.ast.QueryTranslatorImpl - HQL: select generatedAlias0 from se1app.applicationcore.customercomponent.Customer as generatedAlias0 where generatedAlias0.name=:param0
16:16:50.295 [Test worker] DEBUG org.hibernate.hql.internal.ast.QueryTranslatorImpl - SQL: select customer0_.id as id1_2_, customer0_.email as email2_2_, customer0_.name as name3_2_ from customer customer0_ where customer0_.name=?
16:16:50.295 [Test worker] DEBUG org.hibernate.hql.internal.ast.ErrorCounter - throwQueryException() : no errors
16:16:50.295 [Test worker] DEBUG org.hibernate.event.internal.AbstractFlushingEventListener - Processing flush-time cascades
16:16:50.295 [Test worker] DEBUG org.hibernate.event.internal.AbstractFlushingEventListener - Dirty checking collections
16:16:50.295 [Test worker] DEBUG org.hibernate.engine.internal.Collections - Collection found: [se1app.applicationcore.customercomponent.Customer.reservations#6], was: [<unreferenced>] (initialized)
16:16:50.295 [Test worker] DEBUG org.hibernate.engine.internal.Collections - Collection found: [se1app.applicationcore.customercomponent.Customer.reservations#7], was: [<unreferenced>] (initialized)
16:16:50.295 [Test worker] DEBUG org.hibernate.engine.internal.Collections - Collection found: [se1app.applicationcore.customercomponent.Customer.reservations#8], was: [<unreferenced>] (initialized)
16:16:50.295 [Test worker] DEBUG org.hibernate.event.internal.AbstractFlushingEventListener - Flushed: 0 insertions, 0 updates, 0 deletions to 10 objects
16:16:50.295 [Test worker] DEBUG org.hibernate.event.internal.AbstractFlushingEventListener - Flushed: 3 (re)creations, 0 updates, 0 removals to 3 collections
16:16:50.295 [Test worker] DEBUG org.hibernate.internal.util.EntityPrinter - Listing entities:
16:16:50.295 [Test worker] DEBUG org.hibernate.internal.util.EntityPrinter - se1app.applicationcore.customercomponent.Customer{reservations=[se1app.applicationcore.customercomponent.Reservation#6, se1app.applicationcore.customercomponent.Reservation#7], name=Stefan, id=6, email=se1app.applicationcore.util.EmailType@1caa4ed4}
16:16:50.295 [Test worker] DEBUG org.hibernate.internal.util.EntityPrinter - se1app.applicationcore.moviecomponent.Movie{numberOfReservations=0, id=6, title=Spectre}
16:16:50.295 [Test worker] DEBUG org.hibernate.internal.util.EntityPrinter - se1app.applicationcore.customercomponent.Reservation{movie=se1app.applicationcore.moviecomponent.Movie#6, id=6, customer=se1app.applicationcore.customercomponent.Customer#6}
16:16:50.295 [Test worker] DEBUG org.hibernate.internal.util.EntityPrinter - se1app.applicationcore.moviecomponent.Movie{numberOfReservations=0, id=7, title=Goldfinger}
16:16:50.295 [Test worker] DEBUG org.hibernate.internal.util.EntityPrinter - se1app.applicationcore.customercomponent.Reservation{movie=se1app.applicationcore.moviecomponent.Movie#7, id=7, customer=se1app.applicationcore.customercomponent.Customer#6}
16:16:50.295 [Test worker] DEBUG org.hibernate.internal.util.EntityPrinter - se1app.applicationcore.customercomponent.Customer{reservations=[se1app.applicationcore.customercomponent.Reservation#8], name=Ina, id=7, email=null}
16:16:50.295 [Test worker] DEBUG org.hibernate.internal.util.EntityPrinter - se1app.applicationcore.customercomponent.Reservation{movie=se1app.applicationcore.moviecomponent.Movie#6, id=8, customer=se1app.applicationcore.customercomponent.Customer#7}
16:16:50.295 [Test worker] DEBUG org.hibernate.internal.util.EntityPrinter - se1app.applicationcore.customercomponent.Customer{reservations=[se1app.applicationcore.customercomponent.Reservation#9], name=Michael, id=8, email=null}
16:16:50.295 [Test worker] DEBUG org.hibernate.internal.util.EntityPrinter - se1app.applicationcore.moviecomponent.Movie{numberOfReservations=0, id=8, title=Minions}
16:16:50.295 [Test worker] DEBUG org.hibernate.internal.util.EntityPrinter - se1app.applicationcore.customercomponent.Reservation{movie=se1app.applicationcore.moviecomponent.Movie#8, id=9, customer=se1app.applicationcore.customercomponent.Customer#8}
16:16:50.295 [Test worker] DEBUG org.hibernate.SQL - select customer0_.id as id1_2_, customer0_.email as email2_2_, customer0_.name as name3_2_ from customer customer0_ where customer0_.name=?
16:16:50.295 [Test worker] DEBUG org.hibernate.loader.Loader - Result set row: 0
16:16:50.295 [Test worker] DEBUG org.hibernate.loader.Loader - Result row: EntityKey[se1app.applicationcore.customercomponent.Customer#6]
16:16:50.311 [Test worker] DEBUG org.springframework.test.context.cache.DefaultCacheAwareContextLoaderDelegate - Retrieved ApplicationContext from cache with key [[MergedContextConfiguration@493a6941 testClass = CustomerRepositoryTest, locations = '{}', classes = '{class se1app.applicationcore.Application}', contextInitializerClasses = '[]', activeProfiles = '{test}', propertySourceLocations = '{}', propertySourceProperties = '{}', contextCustomizers = set[org.springframework.boot.test.context.filter.ExcludeFilterContextCustomizer@7025e8d4, org.springframework.boot.test.json.DuplicateJsonObjectContextCustomizerFactory$DuplicateJsonObjectContextCustomizer@108f7ba3, org.springframework.boot.test.mock.mockito.MockitoContextCustomizer@0, org.springframework.boot.test.autoconfigure.properties.PropertyMappingContextCustomizer@0, org.springframework.boot.test.autoconfigure.web.servlet.WebDriverContextCustomizerFactory$Customizer@7978f217], contextLoader = 'org.springframework.test.context.support.DelegatingSmartContextLoader', parent = [null]]]
16:16:50.311 [Test worker] DEBUG org.springframework.test.context.cache - Spring test ApplicationContext cache statistics: [DefaultContextCache@51ac02c size = 2, maxSize = 32, parentContextCount = 0, hitCount = 68, missCount = 2]
[...]
16:16:50.373 [Test worker] DEBUG org.hibernate.internal.util.EntityPrinter - se1app.applicationcore.moviecomponent.Movie{numberOfReservations=0, id=11, title=Minions}
16:16:50.373 [Test worker] DEBUG org.hibernate.internal.util.EntityPrinter - se1app.applicationcore.customercomponent.Reservation{movie=se1app.applicationcore.moviecomponent.Movie#9, id=12, customer=se1app.applicationcore.customercomponent.Customer#10}
16:16:50.373 [Test worker] DEBUG org.hibernate.internal.util.EntityPrinter - se1app.applicationcore.customercomponent.Reservation{movie=se1app.applicationcore.moviecomponent.Movie#11, id=13, customer=se1app.applicationcore.customercomponent.Customer#11}
16:16:50.373 [Test worker] DEBUG org.hibernate.internal.util.EntityPrinter - se1app.applicationcore.customercomponent.Customer{reservations=[se1app.applicationcore.customercomponent.Reservation#10, se1app.applicationcore.customercomponent.Reservation#11], name=Stefan, id=9, email=se1app.applicationcore.util.EmailType@4f10a117}
16:16:50.373 [Test worker] DEBUG org.hibernate.internal.util.EntityPrinter - se1app.applicationcore.moviecomponent.Movie{numberOfReservations=0, id=9, title=Spectre}
16:16:50.373 [Test worker] DEBUG org.hibernate.internal.util.EntityPrinter - se1app.applicationcore.customercomponent.Reservation{movie=se1app.applicationcore.moviecomponent.Movie#9, id=10, customer=se1app.applicationcore.customercomponent.Customer#9}
16:16:50.373 [Test worker] DEBUG org.hibernate.internal.util.EntityPrinter - se1app.applicationcore.moviecomponent.Movie{numberOfReservations=0, id=10, title=Goldfinger}
16:16:50.373 [Test worker] DEBUG org.hibernate.internal.util.EntityPrinter - se1app.applicationcore.customercomponent.Customer{reservations=[se1app.applicationcore.customercomponent.Reservation#12], name=Ina, id=10, email=null}
16:16:50.373 [Test worker] DEBUG org.hibernate.SQL - select customer0_.id as id1_2_, customer0_.email as email2_2_, customer0_.name as name3_2_ from customer customer0_ where customer0_.name=?
16:16:50.389 [Test worker] DEBUG org.hibernate.loader.Loader - Result set row: 0
16:16:50.389 [Test worker] DEBUG org.hibernate.loader.Loader - Result row: EntityKey[se1app.applicationcore.customercomponent.Customer#10]
16:16:50.389 [Test worker] DEBUG org.hibernate.jpa.criteria.CriteriaQueryImpl - Rendered criteria query -> select generatedAlias0 from Customer as generatedAlias0 where generatedAlias0.name=:param0
16:16:50.389 [Test worker] DEBUG org.hibernate.event.internal.AbstractFlushingEventListener - Processing flush-time cascades
16:16:50.389 [Test worker] DEBUG org.hibernate.event.internal.AbstractFlushingEventListener - Dirty checking collections
16:16:50.389 [Test worker] DEBUG org.hibernate.engine.internal.Collections - Collection found: [se1app.applicationcore.customercomponent.Customer.reservations#9], was: [se1app.applicationcore.customercomponent.Customer.reservations#9] (initialized)
16:16:50.389 [Test worker] DEBUG org.hibernate.engine.internal.Collections - Collection found: [se1app.applicationcore.customercomponent.Customer.reservations#10], was: [se1app.applicationcore.customercomponent.Customer.reservations#10] (initialized)
16:16:50.389 [Test worker] DEBUG org.hibernate.engine.internal.Collections - Collection found: [se1app.applicationcore.customercomponent.Customer.reservations#11], was: [se1app.applicationcore.customercomponent.Customer.reservations#11] (initialized)
16:16:50.389 [Test worker] DEBUG org.hibernate.event.internal.AbstractFlushingEventListener - Flushed: 0 insertions, 0 updates, 0 deletions to 10 objects
16:16:50.389 [Test worker] DEBUG org.hibernate.event.internal.AbstractFlushingEventListener - Flushed: 0 (re)creations, 0 updates, 0 removals to 3 collections
16:16:50.389 [Test worker] DEBUG org.hibernate.internal.util.EntityPrinter - Listing entities:
16:16:50.389 [Test worker] DEBUG org.hibernate.internal.util.EntityPrinter - se1app.applicationcore.customercomponent.Reservation{movie=se1app.applicationcore.moviecomponent.Movie#10, id=11, customer=se1app.applicationcore.customercomponent.Customer#9}
16:16:50.389 [Test worker] DEBUG org.hibernate.internal.util.EntityPrinter - se1app.applicationcore.customercomponent.Customer{reservations=[se1app.applicationcore.customercomponent.Reservation#13], name=Michael, id=11, email=null}
16:16:50.389 [Test worker] DEBUG org.hibernate.internal.util.EntityPrinter - se1app.applicationcore.moviecomponent.Movie{numberOfReservations=0, id=11, title=Minions}
16:16:50.389 [Test worker] DEBUG org.hibernate.internal.util.EntityPrinter - se1app.applicationcore.customercomponent.Reservation{movie=se1app.applicationcore.moviecomponent.Movie#9, id=12, customer=se1app.applicationcore.customercomponent.Customer#10}
16:16:50.389 [Test worker] DEBUG org.hibernate.internal.util.EntityPrinter - se1app.applicationcore.customercomponent.Reservation{movie=se1app.applicationcore.moviecomponent.Movie#11, id=13, customer=se1app.applicationcore.customercomponent.Customer#11}
16:16:50.389 [Test worker] DEBUG org.hibernate.internal.util.EntityPrinter - se1app.applicationcore.customercomponent.Customer{reservations=[se1app.applicationcore.customercomponent.Reservation#10, se1app.applicationcore.customercomponent.Reservation#11], name=Stefan, id=9, email=se1app.applicationcore.util.EmailType@4f10a117}
16:16:50.389 [Test worker] DEBUG org.hibernate.internal.util.EntityPrinter - se1app.applicationcore.moviecomponent.Movie{numberOfReservations=0, id=9, title=Spectre}
16:16:50.389 [Test worker] DEBUG org.hibernate.internal.util.EntityPrinter - se1app.applicationcore.customercomponent.Reservation{movie=se1app.applicationcore.moviecomponent.Movie#9, id=10, customer=se1app.applicationcore.customercomponent.Customer#9}
16:16:50.389 [Test worker] DEBUG org.hibernate.internal.util.EntityPrinter - se1app.applicationcore.moviecomponent.Movie{numberOfReservations=0, id=10, title=Goldfinger}
16:16:50.389 [Test worker] DEBUG org.hibernate.internal.util.EntityPrinter - se1app.applicationcore.customercomponent.Customer{reservations=[se1app.applicationcore.customercomponent.Reservation#12], name=Ina, id=10, email=null}
16:16:50.389 [Test worker] DEBUG org.hibernate.SQL - select customer0_.id as id1_2_, customer0_.email as email2_2_, customer0_.name as name3_2_ from customer customer0_ where customer0_.name=?
16:16:50.389 [Test worker] DEBUG org.hibernate.loader.Loader - Result set row: 0
16:16:50.389 [Test worker] DEBUG org.hibernate.loader.Loader - Result row: EntityKey[se1app.applicationcore.customercomponent.Customer#9]
16:16:50.389 [Test worker] DEBUG org.hibernate.jpa.criteria.CriteriaQueryImpl - Rendered criteria query -> select generatedAlias0 from Customer as generatedAlias0 where generatedAlias0.name=:param0
16:16:50.389 [Test worker] DEBUG org.hibernate.event.internal.AbstractFlushingEventListener - Processing flush-time cascades
16:16:50.389 [Test worker] DEBUG org.hibernate.event.internal.AbstractFlushingEventListener - Dirty checking collections
16:16:50.389 [Test worker] DEBUG org.hibernate.engine.internal.Collections - Collection found: [se1app.applicationcore.customercomponent.Customer.reservations#9], was: [se1app.applicationcore.customercomponent.Customer.reservations#9] (initialized)
16:16:50.389 [Test worker] DEBUG org.hibernate.engine.internal.Collections - Collection found: [se1app.applicationcore.customercomponent.Customer.reservations#10], was: [se1app.applicationcore.customercomponent.Customer.reservations#10] (initialized)
16:16:50.389 [Test worker] DEBUG org.hibernate.engine.internal.Collections - Collection found: [se1app.applicationcore.customercomponent.Customer.reservations#11], was: [se1app.applicationcore.customercomponent.Customer.reservations#11] (initialized)
16:16:50.404 [Test worker] DEBUG org.hibernate.event.internal.AbstractFlushingEventListener - Flushed: 0 insertions, 0 updates, 0 deletions to 10 objects
16:16:50.404 [Test worker] DEBUG org.hibernate.event.internal.AbstractFlushingEventListener - Flushed: 0 (re)creations, 0 updates, 0 removals to 3 collections
16:16:50.404 [Test worker] DEBUG org.hibernate.internal.util.EntityPrinter - Listing entities:
16:16:50.404 [Test worker] DEBUG org.hibernate.internal.util.EntityPrinter - se1app.applicationcore.customercomponent.Reservation{movie=se1app.applicationcore.moviecomponent.Movie#10, id=11, customer=se1app.applicationcore.customercomponent.Customer#9}
16:16:50.404 [Test worker] DEBUG org.hibernate.internal.util.EntityPrinter - se1app.applicationcore.customercomponent.Customer{reservations=[se1app.applicationcore.customercomponent.Reservation#13], name=Michael, id=11, email=null}
16:16:50.404 [Test worker] DEBUG org.hibernate.internal.util.EntityPrinter - se1app.applicationcore.moviecomponent.Movie{numberOfReservations=0, id=11, title=Minions}
16:16:50.404 [Test worker] DEBUG org.hibernate.internal.util.EntityPrinter - se1app.applicationcore.customercomponent.Reservation{movie=se1app.applicationcore.moviecomponent.Movie#9, id=12, customer=se1app.applicationcore.customercomponent.Customer#10}
16:16:50.404 [Test worker] DEBUG org.hibernate.internal.util.EntityPrinter - se1app.applicationcore.customercomponent.Reservation{movie=se1app.applicationcore.moviecomponent.Movie#11, id=13, customer=se1app.applicationcore.customercomponent.Customer#11}
16:16:50.404 [Test worker] DEBUG org.hibernate.internal.util.EntityPrinter - se1app.applicationcore.customercomponent.Customer{reservations=[se1app.applicationcore.customercomponent.Reservation#10, se1app.applicationcore.customercomponent.Reservation#11], name=Stefan, id=9, email=se1app.applicationcore.util.EmailType@4f10a117}
16:16:50.404 [Test worker] DEBUG org.hibernate.internal.util.EntityPrinter - se1app.applicationcore.moviecomponent.Movie{numberOfReservations=0, id=9, title=Spectre}
16:16:50.404 [Test worker] DEBUG org.hibernate.internal.util.EntityPrinter - se1app.applicationcore.customercomponent.Reservation{movie=se1app.applicationcore.moviecomponent.Movie#9, id=10, customer=se1app.applicationcore.customercomponent.Customer#9}
16:16:50.404 [Test worker] DEBUG org.hibernate.internal.util.EntityPrinter - se1app.applicationcore.moviecomponent.Movie{numberOfReservations=0, id=10, title=Goldfinger}
16:16:50.404 [Test worker] DEBUG org.hibernate.internal.util.EntityPrinter - se1app.applicationcore.customercomponent.Customer{reservations=[se1app.applicationcore.customercomponent.Reservation#12], name=Ina, id=10, email=null}
16:16:50.404 [Test worker] DEBUG org.hibernate.SQL - select customer0_.id as id1_2_, customer0_.email as email2_2_, customer0_.name as name3_2_ from customer customer0_ where customer0_.name=?
16:16:50.404 [Test worker] DEBUG org.hibernate.loader.Loader - Result set row: 0
16:16:50.404 [Test worker] DEBUG org.hibernate.loader.Loader - Result row: EntityKey[se1app.applicationcore.customercomponent.Customer#10]
16:16:50.404 [Test worker] DEBUG org.springframework.test.context.cache.DefaultCacheAwareContextLoaderDelegate - Retrieved ApplicationContext from cache with key [[MergedContextConfiguration@493a6941 testClass = CustomerRepositoryTest, locations = '{}', classes = '{class se1app.applicationcore.Application}', contextInitializerClasses = '[]', activeProfiles = '{test}', propertySourceLocations = '{}', propertySourceProperties = '{}', contextCustomizers = set[org.springframework.boot.test.context.filter.ExcludeFilterContextCustomizer@7025e8d4, org.springframework.boot.test.json.DuplicateJsonObjectContextCustomizerFactory$DuplicateJsonObjectContextCustomizer@108f7ba3, org.springframework.boot.test.mock.mockito.MockitoContextCustomizer@0, org.springframework.boot.test.autoconfigure.properties.PropertyMappingContextCustomizer@0, org.springframework.boot.test.autoconfigure.web.servlet.WebDriverContextCustomizerFactory$Customizer@7978f217], contextLoader = 'org.springframework.test.context.support.DelegatingSmartContextLoader', parent = [null]]]
16:16:50.404 [Test worker] DEBUG org.springframework.test.context.cache - Spring test ApplicationContext cache statistics: [DefaultContextCache@51ac02c size = 2, maxSize = 32, parentContextCount = 0, hitCount = 74, missCount = 2]
16:16:50.404 [Test worker] DEBUG org.springframework.test.context.cache.DefaultCacheAwareContextLoaderDelegate - Retrieved ApplicationContext from cache with key [[MergedContextConfiguration@493a6941 testClass = CustomerRepositoryTest, locations = '{}', classes = '{class se1app.applicationcore.Application}', contextInitializerClasses = '[]', activeProfiles = '{test}', propertySourceLocations = '{}', propertySourceProperties = '{}', contextCustomizers = set[org.springframework.boot.test.context.filter.ExcludeFilterContextCustomizer@7025e8d4, org.springframework.boot.test.json.DuplicateJsonObjectContextCustomizerFactory$DuplicateJsonObjectContextCustomizer@108f7ba3, org.springframework.boot.test.mock.mockito.MockitoContextCustomizer@0, org.springframework.boot.test.autoconfigure.properties.PropertyMappingContextCustomizer@0, org.springframework.boot.test.autoconfigure.web.servlet.WebDriverContextCustomizerFactory$Customizer@7978f217], contextLoader = 'org.springframework.test.context.support.DelegatingSmartContextLoader', parent = [null]]]
16:16:50.404 [Test worker] DEBUG org.springframework.test.context.cache - Spring test ApplicationContext cache statistics: [DefaultContextCache@51ac02c size = 2, maxSize = 32, parentContextCount = 0, hitCount = 75, missCount = 2]
16:16:50.404 [Test worker] DEBUG org.springframework.test.context.cache.DefaultCacheAwareContextLoaderDelegate - Retrieved ApplicationContext from cache with key [[MergedContextConfiguration@493a6941 testClass = CustomerRepositoryTest, locations = '{}', classes = '{class se1app.applicationcore.Application}', contextInitializerClasses = '[]', activeProfiles = '{test}', propertySourceLocations = '{}', propertySourceProperties = '{}', contextCustomizers = set[org.springframework.boot.test.context.filter.ExcludeFilterContextCustomizer@7025e8d4, org.springframework.boot.test.json.DuplicateJsonObjectContextCustomizerFactory$DuplicateJsonObjectContextCustomizer@108f7ba3, org.springframework.boot.test.mock.mockito.MockitoContextCustomizer@0, org.springframework.boot.test.autoconfigure.properties.PropertyMappingContextCustomizer@0, org.springframework.boot.test.autoconfigure.web.servlet.WebDriverContextCustomizerFactory$Customizer@7978f217], contextLoader = 'org.springframework.test.context.support.DelegatingSmartContextLoader', parent = [null]]]
16:16:50.404 [Test worker] DEBUG org.springframework.test.context.cache - Spring test ApplicationContext cache statistics: [DefaultContextCache@51ac02c size = 2, maxSize = 32, parentContextCount = 0, hitCount = 76, missCount = 2]
16:16:50.404 [Test worker] DEBUG org.springframework.beans.factory.support.DefaultListableBeanFactory - Returning cached instance of singleton bean 'org.springframework.boot.test.mock.mockito.MockitoBeans'
16:16:50.404 [Test worker] DEBUG org.springframework.orm.jpa.JpaTransactionManager - Initiating transaction rollback
16:16:50.404 [Test worker] DEBUG org.springframework.orm.jpa.JpaTransactionManager - Rolling back JPA transaction on EntityManager [org.hibernate.jpa.internal.EntityManagerImpl@40eab925]
16:16:50.404 [Test worker] DEBUG org.hibernate.engine.transaction.internal.TransactionImpl - rolling back
16:16:50.404 [Test worker] DEBUG org.springframework.orm.jpa.JpaTransactionManager - Closing JPA EntityManager [org.hibernate.jpa.internal.EntityManagerImpl@40eab925] after transaction
16:16:50.404 [Test worker] DEBUG org.springframework.orm.jpa.EntityManagerFactoryUtils - Closing JPA EntityManager
16:16:50.404 [Test worker] DEBUG org.hibernate.engine.jdbc.internal.JdbcCoordinatorImpl - HHH000420: Closing un-released batch
16:16:50.404 [Test worker] INFO org.springframework.test.context.transaction.TransactionContext - Rolled back transaction for test context [DefaultTestContext@6f5f3522 testClass = CustomerRepositoryTest, testInstance = se1app.applicationcore.customercomponent.CustomerRepositoryTest@bdfb365, testMethod = testFindByMovie@CustomerRepositoryTest, testException = [null], mergedContextConfiguration = [MergedContextConfiguration@493a6941 testClass = CustomerRepositoryTest, locations = '{}', classes = '{class se1app.applicationcore.Application}', contextInitializerClasses = '[]', activeProfiles = '{test}', propertySourceLocations = '{}', propertySourceProperties = '{}', contextCustomizers = set[org.springframework.boot.test.context.filter.ExcludeFilterContextCustomizer@7025e8d4, org.springframework.boot.test.json.DuplicateJsonObjectContextCustomizerFactory$DuplicateJsonObjectContextCustomizer@108f7ba3, org.springframework.boot.test.mock.mockito.MockitoContextCustomizer@0, org.springframework.boot.test.autoconfigure.properties.PropertyMappingContextCustomizer@0, org.springframework.boot.test.autoconfigure.web.servlet.WebDriverContextCustomizerFactory$Customizer@7978f217], contextLoader = 'org.springframework.test.context.support.DelegatingSmartContextLoader', parent = [null]]].
16:16:50.404 [Test worker] DEBUG org.springframework.test.context.support.AbstractDirtiesContextTestExecutionListener - After test method: context [DefaultTestContext@6f5f3522 testClass = CustomerRepositoryTest, testInstance = se1app.applicationcore.customercomponent.CustomerRepositoryTest@bdfb365, testMethod = testFindByMovie@CustomerRepositoryTest, testException = [null], mergedContextConfiguration = [MergedContextConfiguration@493a6941 testClass = CustomerRepositoryTest, locations = '{}', classes = '{class se1app.applicationcore.Application}', contextInitializerClasses = '[]', activeProfiles = '{test}', propertySourceLocations = '{}', propertySourceProperties = '{}', contextCustomizers = set[org.springframework.boot.test.context.filter.ExcludeFilterContextCustomizer@7025e8d4, org.springframework.boot.test.json.DuplicateJsonObjectContextCustomizerFactory$DuplicateJsonObjectContextCustomizer@108f7ba3, org.springframework.boot.test.mock.mockito.MockitoContextCustomizer@0, org.springframework.boot.test.autoconfigure.properties.PropertyMappingContextCustomizer@0, org.springframework.boot.test.autoconfigure.web.servlet.WebDriverContextCustomizerFactory$Customizer@7978f217], contextLoader = 'org.springframework.test.context.support.DelegatingSmartContextLoader', parent = [null]]], class annotated with @DirtiesContext [false] with mode [null], method annotated with @DirtiesContext [false] with mode [null].
16:16:50.404 [Test worker] DEBUG org.springframework.test.context.support.AbstractDirtiesContextTestExecutionListener - After test class: context [DefaultTestContext@6f5f3522 testClass = CustomerRepositoryTest, testInstance = [null], testMethod = [null], testException = [null], mergedContextConfiguration = [MergedContextConfiguration@493a6941 testClass = CustomerRepositoryTest, locations = '{}', classes = '{class se1app.applicationcore.Application}', contextInitializerClasses = '[]', activeProfiles = '{test}', propertySourceLocations = '{}', propertySourceProperties = '{}', contextCustomizers = set[org.springframework.boot.test.context.filter.ExcludeFilterContextCustomizer@7025e8d4, org.springframework.boot.test.json.DuplicateJsonObjectContextCustomizerFactory$DuplicateJsonObjectContextCustomizer@108f7ba3, org.springframework.boot.test.mock.mockito.MockitoContextCustomizer@0, org.springframework.boot.test.autoconfigure.properties.PropertyMappingContextCustomizer@0, org.springframework.boot.test.autoconfigure.web.servlet.WebDriverContextCustomizerFactory$Customizer@7978f217], contextLoader = 'org.springframework.test.context.support.DelegatingSmartContextLoader', parent = [null]]], class annotated with @DirtiesContext [false] with mode [null].
]]></system-out>
  <system-err><![CDATA[]]></system-err>
</testsuite>
